[59827][1636511234796][main][info]["Booting Postman 9.1.3, linux-5.13.19-2-MANJARO on x64"]
[59827][1636511234798][main][info]["EventBus~initialize - Success"]
[59827][1636511234800][main][info]["Proxy configuration has not been setup"]
[59827][1636511234800][main][info]["CloudProxyManager~init - Success"]
[59827][1636511234805][main][info]["UpdateHandler~init - Success"]
[59827][1636511235050][main][info]["RuntimeIPCAgent~started: Success"]
[59827][1636511235053][main][info]["LeaderSelection: Initialized successfully"]
[59827][1636511235166][main][info]["LinuxAutoUpdater~Cleanup - Initial cleanup successful"]
[59827][1636511235430][main][info]["Bootstrap-models~bootstrap - Success"]
[59827][1636511235454][main][info]["GPU detected VID 4318 DID 8089 ACTIVE true"]
[59827][1636511235570][main][info]["window-manager~newSharedWindow: Shell loaded"]
[59827][1636511236652][main][info]["Main~AppEvents - Received booted event for process shared"]
[59827][1636511237924][main][info]["UpdateHandler~app-update-events - Received event",{"name":"checkForElectronVersionUpdated","namespace":"appUpdate"}]
[59827][1636511237934][main][info]["Main~AppEvents - Received booted event for process scratchpad"]
[59827][1636511246196][main][warn]["AuthHandler~open: Current app is not default protocol client - Falling back to polling mechanism."]
[59827][1636511247343][main][info]["Main~AppEvents - Received booted event for process shared"]
[59827][1636511248651][main][info]["UpdateHandler~app-update-events - Received event",{"name":"checkForElectronVersionUpdated","namespace":"appUpdate"}]
[59827][1636511248661][main][info]["Main~AppEvents - Received booted event for process scratchpad"]
[59827][1636511265880][main][info]["UpdateHandler~app-update-events - Received event",{"name":"checkForElectronVersionUpdated","namespace":"appUpdate"}]
[59827][1636511265890][main][info]["Main~AppEvents - Received booted event for process requester"]
[59827][1636533128875][main][info]["WindowManager~closeHandler - Closed Window (id: 6 )"]
[59827][1636533128925][main][info]["Quitting app"]
[4746][1636541067447][main][info]["Booting Postman 9.1.3, linux-5.13.19-2-MANJARO on x64"]
[4746][1636541067450][main][info]["EventBus~initialize - Success"]
[4746][1636541067452][main][info]["Proxy configuration has not been setup"]
[4746][1636541067453][main][info]["CloudProxyManager~init - Success"]
[4746][1636541067457][main][info]["UpdateHandler~init - Success"]
[4746][1636541067711][main][info]["RuntimeIPCAgent~started: Success"]
[4746][1636541067713][main][info]["LeaderSelection: Initialized successfully"]
[4746][1636541067835][main][info]["LinuxAutoUpdater~Cleanup - Initial cleanup successful"]
[4746][1636541067893][main][info]["GPU detected VID 4318 DID 8089 ACTIVE true"]
[4746][1636541067902][main][info]["Bootstrap-models~bootstrap - Success"]
[4746][1636541067990][main][info]["window-manager~newSharedWindow: Shell loaded"]
[4746][1636541069359][main][info]["Main~AppEvents - Received booted event for process shared"]
[4746][1636541071978][main][info]["UpdateHandler~app-update-events - Received event",{"name":"checkForElectronVersionUpdated","namespace":"appUpdate"}]
[4746][1636541071987][main][info]["Main~AppEvents - Received booted event for process requester"]
[4746][1636547915531][main][info]["WindowManager~closeHandler - Closed Window (id: 3 )"]
[4746][1636547915545][main][info]["Quitting app"]
[39807][1636568354708][main][info]["Booting Postman 9.1.3, linux-5.13.19-2-MANJARO on x64"]
[39807][1636568354710][main][info]["EventBus~initialize - Success"]
[39807][1636568354713][main][info]["Proxy configuration has not been setup"]
[39807][1636568354713][main][info]["CloudProxyManager~init - Success"]
[39807][1636568354718][main][info]["UpdateHandler~init - Success"]
[39807][1636568354942][main][info]["RuntimeIPCAgent~started: Success"]
[39807][1636568354945][main][info]["LeaderSelection: Initialized successfully"]
[39807][1636568355050][main][info]["LinuxAutoUpdater~Cleanup - Initial cleanup successful"]
[39807][1636568355075][main][info]["GPU detected VID 4318 DID 8089 ACTIVE true"]
[39807][1636568355149][main][info]["Bootstrap-models~bootstrap - Success"]
[39807][1636568355248][main][info]["window-manager~newSharedWindow: Shell loaded"]
[39807][1636568356591][main][info]["Main~AppEvents - Received booted event for process shared"]
[39807][1636568359067][main][info]["UpdateHandler~app-update-events - Received event",{"name":"checkForElectronVersionUpdated","namespace":"appUpdate"}]
[39807][1636568359079][main][info]["Main~AppEvents - Received booted event for process requester"]
[39807][1636570433097][main][info]["WindowManager~closeHandler - Closed Window (id: 3 )"]
[39807][1636570433111][main][info]["Quitting app"]
[3160][1636650320727][main][info]["Booting Postman 9.1.3, linux-5.13.19-2-MANJARO on x64"]
[3160][1636650320729][main][info]["EventBus~initialize - Success"]
[3160][1636650320732][main][info]["Proxy configuration has not been setup"]
[3160][1636650320732][main][info]["CloudProxyManager~init - Success"]
[3160][1636650320739][main][info]["UpdateHandler~init - Success"]
[3160][1636650321009][main][info]["RuntimeIPCAgent~started: Success"]
[3160][1636650321012][main][info]["LeaderSelection: Initialized successfully"]
[3160][1636650321107][main][info]["LinuxAutoUpdater~Cleanup - Initial cleanup successful"]
[3160][1636650321146][main][info]["GPU detected VID 4318 DID 8089 ACTIVE true"]
[3160][1636650321158][main][info]["Bootstrap-models~bootstrap - Success"]
[3160][1636650321268][main][info]["window-manager~newSharedWindow: Shell loaded"]
[3160][1636650322633][main][info]["Main~AppEvents - Received booted event for process shared"]
[3160][1636650325648][main][info]["UpdateHandler~app-update-events - Received event",{"name":"checkForElectronVersionUpdated","namespace":"appUpdate"}]
[3160][1636650325663][main][info]["Main~AppEvents - Received booted event for process requester"]
[3160][1636655783206][main][info]["WindowManager~closeHandler - Closed Window (id: 3 )"]
[3160][1636655783227][main][info]["Quitting app"]
[148298][1637426871615][main][info]["Booting Postman 9.1.3, linux-5.13.19-2-MANJARO on x64"]
[148298][1637426871617][main][info]["EventBus~initialize - Success"]
[148298][1637426871619][main][info]["Proxy configuration has not been setup"]
[148298][1637426871620][main][info]["CloudProxyManager~init - Success"]
[148298][1637426871625][main][info]["UpdateHandler~init - Success"]
[148298][1637426871882][main][info]["RuntimeIPCAgent~started: Success"]
[148298][1637426871884][main][info]["LeaderSelection: Initialized successfully"]
[148298][1637426871989][main][info]["LinuxAutoUpdater~Cleanup - Initial cleanup successful"]
[148298][1637426872047][main][info]["GPU detected VID 4318 DID 8089 ACTIVE true"]
[148298][1637426872060][main][info]["Bootstrap-models~bootstrap - Success"]
[148298][1637426872154][main][info]["window-manager~newSharedWindow: Shell loaded"]
[148298][1637426873458][main][info]["Main~AppEvents - Received booted event for process shared"]
[148298][1637426876100][main][info]["UpdateHandler~app-update-events - Received event",{"name":"checkForElectronVersionUpdated","namespace":"appUpdate"}]
[148298][1637426876110][main][info]["Main~AppEvents - Received booted event for process requester"]
[148298][1637426886764][main][info]["UpdateHandler~app-update-events - Received event",{"name":"updateElectron","namespace":"appUpdate","data":{"channel":"stable","version":"9.1.3","downloadVersion":"9.1.5","appId":"4a42f22c-c887-4568-93ea-ff73652e8d2a","userAgent":"Mozilla/5.0 (X11; Linux x86_64) AppleWebKit/537.36 (KHTML, like Gecko) Postman/9.1.3 Chrome/87.0.4280.88 Electron/11.1.1 Safari/537.36","platform":"LINUX","arch":"64","downloadURL":"https://dl.pstmn.io/download/version/9.1.5/linux_64","updateServerDomain":"https://dl.pstmn.io/","additionalParamsString":"installationId=4a42f22c-c887-4568-93ea-ff73652e8d2a&userId=15549181&syncEnabled=true&teamPlan=&teamId=0","userId":"15549181"}}]
[148298][1637426886765][main][info]["LinuxUpdater~downloadUpdate - UpdateInfo received",{"channel":"stable","version":"9.1.3","downloadVersion":"9.1.5","appId":"4a42f22c-c887-4568-93ea-ff73652e8d2a","userAgent":"Mozilla/5.0 (X11; Linux x86_64) AppleWebKit/537.36 (KHTML, like Gecko) Postman/9.1.3 Chrome/87.0.4280.88 Electron/11.1.1 Safari/537.36","platform":"LINUX","arch":"64","downloadURL":"https://dl.pstmn.io/download/version/9.1.5/linux_64","updateServerDomain":"https://dl.pstmn.io/","additionalParamsString":"installationId=4a42f22c-c887-4568-93ea-ff73652e8d2a&userId=15549181&syncEnabled=true&teamPlan=&teamId=0","userId":"15549181"}]
[148298][1637426887173][main][info]["@postman/app-updater: error",{"errno":-13,"code":"EACCES","syscall":"open","path":"/opt/postman/Postman-1637426886765.tar.gz","name":"Error","message":"EACCES: permission denied, open '/opt/postman/Postman-1637426886765.tar.gz'","stack":"Error: EACCES: permission denied, open '/opt/postman/Postman-1637426886765.tar.gz'"},{"packageName":"Postman","eID":"Postman-1637426886765","downloadURL":"https://dl.pstmn.io/download/version/9.1.5/linux_64","downloadDirectory":"/opt/postman","downloadInfo":{"status":"DOWNLOAD_ERROR","error":{"errno":-13,"code":"EACCES","syscall":"open","path":"/opt/postman/Postman-1637426886765.tar.gz"},"downloadDirectory":"/opt/postman"}}]
[148298][1637426887175][main][info]["UpdateHandler~app-update-events - Received event",{"name":"electronAppUpdateError","namespace":"appUpdate","data":{"error":{"errno":-13,"code":"EACCES","syscall":"open","path":"/opt/postman/Postman-1637426886765.tar.gz","name":"Error","message":"EACCES: permission denied, open '/opt/postman/Postman-1637426886765.tar.gz'","stack":"Error: EACCES: permission denied, open '/opt/postman/Postman-1637426886765.tar.gz'"},"updateData":{"packageName":"Postman","eID":"Postman-1637426886765","downloadURL":"https://dl.pstmn.io/download/version/9.1.5/linux_64","downloadDirectory":"/opt/postman","downloadInfo":{"status":"DOWNLOAD_ERROR","error":{"errno":-13,"code":"EACCES","syscall":"open","path":"/opt/postman/Postman-1637426886765.tar.gz"},"downloadDirectory":"/opt/postman"}}}}]
[148298][1637434866423][main][info]["WindowManager~closeHandler - Closed Window (id: 3 )"]
[148298][1637434866452][main][info]["Quitting app"]
[946468][1638554161507][main][info]["Booting Postman 9.2.0, linux-5.13.19-2-MANJARO on x64"]
[946468][1638554161509][main][info]["EventBus~initialize - Success"]
[946468][1638554161511][main][info]["Proxy configuration has not been setup"]
[946468][1638554161511][main][info]["CloudProxyManager~init - Success"]
[946468][1638554161516][main][info]["UpdateHandler~init - Success"]
[946468][1638554161760][main][info]["RuntimeIPCAgent~started: Success"]
[946468][1638554161761][main][info]["LinuxAutoUpdater~Cleanup - Initial cleanup successful"]
[946468][1638554161762][main][info]["LeaderSelection: Initialized successfully"]
[946468][1638554161863][main][info]["GPU detected VID 4318 DID 8089 ACTIVE true"]
[946468][1638554161893][main][info]["Bootstrap-models~bootstrap - Success"]
[946468][1638554162011][main][info]["window-manager~newSharedWindow: Shell loaded"]
[946468][1638554163415][main][info]["Main~AppEvents - Received booted event for process shared"]
[946468][1638554165933][main][info]["UpdateHandler~app-update-events - Received event",{"name":"checkForElectronVersionUpdated","namespace":"appUpdate"}]
[946468][1638554165934][main][info]["@postman/app-updater: version Updated","9.1.3","9.2.0"]
[946468][1638554165934][main][info]["UpdateHandler~app-update-events - Received event",{"name":"electronVersionUpdated","namespace":"appUpdate","data":{"lastKnownVersion":"9.1.3","currentVersion":"9.2.0"}}]
[946468][1638554165944][main][info]["Main~AppEvents - Received booted event for process requester"]
[946468][1638554176496][main][info]["UpdateHandler~app-update-events - Received event",{"name":"updateElectron","namespace":"appUpdate","data":{"channel":"stable","version":"9.2.0","downloadVersion":"9.3.1","appId":"4a42f22c-c887-4568-93ea-ff73652e8d2a","userAgent":"Mozilla/5.0 (X11; Linux x86_64) AppleWebKit/537.36 (KHTML, like Gecko) Postman/9.2.0 Chrome/87.0.4280.88 Electron/11.1.1 Safari/537.36","platform":"LINUX","arch":"64","downloadURL":"https://dl.pstmn.io/download/version/9.3.1/linux_64","updateServerDomain":"https://dl.pstmn.io/","additionalParamsString":"installationId=4a42f22c-c887-4568-93ea-ff73652e8d2a&userId=15549181&syncEnabled=true&teamPlan=&teamId=0","userId":"15549181"}}]
[946468][1638554176497][main][info]["LinuxUpdater~downloadUpdate - UpdateInfo received",{"channel":"stable","version":"9.2.0","downloadVersion":"9.3.1","appId":"4a42f22c-c887-4568-93ea-ff73652e8d2a","userAgent":"Mozilla/5.0 (X11; Linux x86_64) AppleWebKit/537.36 (KHTML, like Gecko) Postman/9.2.0 Chrome/87.0.4280.88 Electron/11.1.1 Safari/537.36","platform":"LINUX","arch":"64","downloadURL":"https://dl.pstmn.io/download/version/9.3.1/linux_64","updateServerDomain":"https://dl.pstmn.io/","additionalParamsString":"installationId=4a42f22c-c887-4568-93ea-ff73652e8d2a&userId=15549181&syncEnabled=true&teamPlan=&teamId=0","userId":"15549181"}]
[946468][1638554176934][main][info]["@postman/app-updater: error",{"errno":-13,"code":"EACCES","syscall":"open","path":"/opt/postman/Postman-1638554176497.tar.gz","name":"Error","message":"EACCES: permission denied, open '/opt/postman/Postman-1638554176497.tar.gz'","stack":"Error: EACCES: permission denied, open '/opt/postman/Postman-1638554176497.tar.gz'"},{"packageName":"Postman","eID":"Postman-1638554176497","downloadURL":"https://dl.pstmn.io/download/version/9.3.1/linux_64","downloadDirectory":"/opt/postman","downloadInfo":{"status":"DOWNLOAD_ERROR","error":{"errno":-13,"code":"EACCES","syscall":"open","path":"/opt/postman/Postman-1638554176497.tar.gz"},"downloadDirectory":"/opt/postman"}}]
[946468][1638554176936][main][info]["UpdateHandler~app-update-events - Received event",{"name":"electronAppUpdateError","namespace":"appUpdate","data":{"error":{"errno":-13,"code":"EACCES","syscall":"open","path":"/opt/postman/Postman-1638554176497.tar.gz","name":"Error","message":"EACCES: permission denied, open '/opt/postman/Postman-1638554176497.tar.gz'","stack":"Error: EACCES: permission denied, open '/opt/postman/Postman-1638554176497.tar.gz'"},"updateData":{"packageName":"Postman","eID":"Postman-1638554176497","downloadURL":"https://dl.pstmn.io/download/version/9.3.1/linux_64","downloadDirectory":"/opt/postman","downloadInfo":{"status":"DOWNLOAD_ERROR","error":{"errno":-13,"code":"EACCES","syscall":"open","path":"/opt/postman/Postman-1638554176497.tar.gz"},"downloadDirectory":"/opt/postman"}}}}]
[946468][1638586976415][main][info]["WindowManager~closeHandler - Closed Window (id: 3 )"]
[946468][1638586976484][main][info]["Quitting app"]
[30061][1639279151189][main][info]["Booting Postman 9.2.0, linux-5.13.19-2-MANJARO on x64"]
[30061][1639279151191][main][info]["EventBus~initialize - Success"]
[30061][1639279151193][main][info]["Proxy configuration has not been setup"]
[30061][1639279151193][main][info]["CloudProxyManager~init - Success"]
[30061][1639279151200][main][info]["UpdateHandler~init - Success"]
[30061][1639279151458][main][info]["RuntimeIPCAgent~started: Success"]
[30061][1639279151459][main][info]["LinuxAutoUpdater~Cleanup - Initial cleanup successful"]
[30061][1639279151459][main][info]["LeaderSelection: Initialized successfully"]
[30061][1639279151616][main][info]["GPU detected VID 4318 DID 8089 ACTIVE true"]
[30061][1639279151633][main][info]["Bootstrap-models~bootstrap - Success"]
[30061][1639279151726][main][info]["window-manager~newSharedWindow: Shell loaded"]
[30061][1639279153112][main][info]["Main~AppEvents - Received booted event for process shared"]
[30061][1639279155629][main][info]["UpdateHandler~app-update-events - Received event",{"name":"checkForElectronVersionUpdated","namespace":"appUpdate"}]
[30061][1639279155639][main][info]["Main~AppEvents - Received booted event for process requester"]
[30061][1639279166179][main][info]["UpdateHandler~app-update-events - Received event",{"name":"updateElectron","namespace":"appUpdate","data":{"channel":"stable","version":"9.2.0","downloadVersion":"9.4.1","appId":"4a42f22c-c887-4568-93ea-ff73652e8d2a","userAgent":"Mozilla/5.0 (X11; Linux x86_64) AppleWebKit/537.36 (KHTML, like Gecko) Postman/9.2.0 Chrome/87.0.4280.88 Electron/11.1.1 Safari/537.36","platform":"LINUX","arch":"64","downloadURL":"https://dl.pstmn.io/download/version/9.4.1/linux_64","updateServerDomain":"https://dl.pstmn.io/","additionalParamsString":"installationId=4a42f22c-c887-4568-93ea-ff73652e8d2a&userId=15549181&syncEnabled=true&teamPlan=&teamId=0","userId":"15549181"}}]
[30061][1639279166179][main][info]["LinuxUpdater~downloadUpdate - UpdateInfo received",{"channel":"stable","version":"9.2.0","downloadVersion":"9.4.1","appId":"4a42f22c-c887-4568-93ea-ff73652e8d2a","userAgent":"Mozilla/5.0 (X11; Linux x86_64) AppleWebKit/537.36 (KHTML, like Gecko) Postman/9.2.0 Chrome/87.0.4280.88 Electron/11.1.1 Safari/537.36","platform":"LINUX","arch":"64","downloadURL":"https://dl.pstmn.io/download/version/9.4.1/linux_64","updateServerDomain":"https://dl.pstmn.io/","additionalParamsString":"installationId=4a42f22c-c887-4568-93ea-ff73652e8d2a&userId=15549181&syncEnabled=true&teamPlan=&teamId=0","userId":"15549181"}]
[30061][1639279166566][main][info]["@postman/app-updater: error",{"errno":-13,"code":"EACCES","syscall":"open","path":"/opt/postman/Postman-1639279166180.tar.gz","name":"Error","message":"EACCES: permission denied, open '/opt/postman/Postman-1639279166180.tar.gz'","stack":"Error: EACCES: permission denied, open '/opt/postman/Postman-1639279166180.tar.gz'"},{"packageName":"Postman","eID":"Postman-1639279166180","downloadURL":"https://dl.pstmn.io/download/version/9.4.1/linux_64","downloadDirectory":"/opt/postman","downloadInfo":{"status":"DOWNLOAD_ERROR","error":{"errno":-13,"code":"EACCES","syscall":"open","path":"/opt/postman/Postman-1639279166180.tar.gz"},"downloadDirectory":"/opt/postman"}}]
[30061][1639279166566][main][info]["UpdateHandler~app-update-events - Received event",{"name":"electronAppUpdateError","namespace":"appUpdate","data":{"error":{"errno":-13,"code":"EACCES","syscall":"open","path":"/opt/postman/Postman-1639279166180.tar.gz","name":"Error","message":"EACCES: permission denied, open '/opt/postman/Postman-1639279166180.tar.gz'","stack":"Error: EACCES: permission denied, open '/opt/postman/Postman-1639279166180.tar.gz'"},"updateData":{"packageName":"Postman","eID":"Postman-1639279166180","downloadURL":"https://dl.pstmn.io/download/version/9.4.1/linux_64","downloadDirectory":"/opt/postman","downloadInfo":{"status":"DOWNLOAD_ERROR","error":{"errno":-13,"code":"EACCES","syscall":"open","path":"/opt/postman/Postman-1639279166180.tar.gz"},"downloadDirectory":"/opt/postman"}}}}]
[30061][1639280449920][main][info]["WindowManager~closeHandler - Closed Window (id: 3 )"]
[5696][1639586308340][main][info]["Booting Postman 9.2.0, linux-5.13.19-2-MANJARO on x64"]
[5696][1639586308342][main][info]["EventBus~initialize - Success"]
[5696][1639586308344][main][info]["Proxy configuration has not been setup"]
[5696][1639586308344][main][info]["CloudProxyManager~init - Success"]
[5696][1639586308349][main][info]["UpdateHandler~init - Success"]
[5696][1639586308600][main][info]["RuntimeIPCAgent~started: Success"]
[5696][1639586308601][main][info]["LinuxAutoUpdater~Cleanup - Initial cleanup successful"]
[5696][1639586308601][main][info]["LeaderSelection: Initialized successfully"]
[5696][1639586308760][main][info]["GPU detected VID 4318 DID 8089 ACTIVE true"]
[5696][1639586308772][main][info]["Bootstrap-models~bootstrap - Success"]
[5696][1639586308847][main][info]["window-manager~newSharedWindow: Shell loaded"]
[5696][1639586310202][main][info]["Main~AppEvents - Received booted event for process shared"]
[5696][1639586312677][main][info]["UpdateHandler~app-update-events - Received event",{"name":"checkForElectronVersionUpdated","namespace":"appUpdate"}]
[5696][1639586312689][main][info]["Main~AppEvents - Received booted event for process requester"]
[5696][1639586323561][main][info]["UpdateHandler~app-update-events - Received event",{"name":"updateElectron","namespace":"appUpdate","data":{"channel":"stable","version":"9.2.0","downloadVersion":"9.5.0","appId":"4a42f22c-c887-4568-93ea-ff73652e8d2a","userAgent":"Mozilla/5.0 (X11; Linux x86_64) AppleWebKit/537.36 (KHTML, like Gecko) Postman/9.2.0 Chrome/87.0.4280.88 Electron/11.1.1 Safari/537.36","platform":"LINUX","arch":"64","downloadURL":"https://dl.pstmn.io/download/version/9.5.0/linux_64","updateServerDomain":"https://dl.pstmn.io/","additionalParamsString":"installationId=4a42f22c-c887-4568-93ea-ff73652e8d2a&userId=15549181&syncEnabled=true&teamPlan=&teamId=0","userId":"15549181"}}]
[5696][1639586323562][main][info]["LinuxUpdater~downloadUpdate - UpdateInfo received",{"channel":"stable","version":"9.2.0","downloadVersion":"9.5.0","appId":"4a42f22c-c887-4568-93ea-ff73652e8d2a","userAgent":"Mozilla/5.0 (X11; Linux x86_64) AppleWebKit/537.36 (KHTML, like Gecko) Postman/9.2.0 Chrome/87.0.4280.88 Electron/11.1.1 Safari/537.36","platform":"LINUX","arch":"64","downloadURL":"https://dl.pstmn.io/download/version/9.5.0/linux_64","updateServerDomain":"https://dl.pstmn.io/","additionalParamsString":"installationId=4a42f22c-c887-4568-93ea-ff73652e8d2a&userId=15549181&syncEnabled=true&teamPlan=&teamId=0","userId":"15549181"}]
[5696][1639586323991][main][info]["@postman/app-updater: error",{"errno":-13,"code":"EACCES","syscall":"open","path":"/opt/postman/Postman-1639586323562.tar.gz","name":"Error","message":"EACCES: permission denied, open '/opt/postman/Postman-1639586323562.tar.gz'","stack":"Error: EACCES: permission denied, open '/opt/postman/Postman-1639586323562.tar.gz'"},{"packageName":"Postman","eID":"Postman-1639586323562","downloadURL":"https://dl.pstmn.io/download/version/9.5.0/linux_64","downloadDirectory":"/opt/postman","downloadInfo":{"status":"DOWNLOAD_ERROR","error":{"errno":-13,"code":"EACCES","syscall":"open","path":"/opt/postman/Postman-1639586323562.tar.gz"},"downloadDirectory":"/opt/postman"}}]
[5696][1639586323992][main][info]["UpdateHandler~app-update-events - Received event",{"name":"electronAppUpdateError","namespace":"appUpdate","data":{"error":{"errno":-13,"code":"EACCES","syscall":"open","path":"/opt/postman/Postman-1639586323562.tar.gz","name":"Error","message":"EACCES: permission denied, open '/opt/postman/Postman-1639586323562.tar.gz'","stack":"Error: EACCES: permission denied, open '/opt/postman/Postman-1639586323562.tar.gz'"},"updateData":{"packageName":"Postman","eID":"Postman-1639586323562","downloadURL":"https://dl.pstmn.io/download/version/9.5.0/linux_64","downloadDirectory":"/opt/postman","downloadInfo":{"status":"DOWNLOAD_ERROR","error":{"errno":-13,"code":"EACCES","syscall":"open","path":"/opt/postman/Postman-1639586323562.tar.gz"},"downloadDirectory":"/opt/postman"}}}}]
[5696][1639641825969][main][info]["Quitting app"]
[4458][1639751356883][main][info]["Booting Postman 9.2.0, linux-5.13.19-2-MANJARO on x64"]
[4458][1639751356886][main][info]["EventBus~initialize - Success"]
[4458][1639751356888][main][info]["Proxy configuration has not been setup"]
[4458][1639751356888][main][info]["CloudProxyManager~init - Success"]
[4458][1639751356894][main][info]["UpdateHandler~init - Success"]
[4458][1639751357184][main][info]["RuntimeIPCAgent~started: Success"]
[4458][1639751357185][main][info]["LinuxAutoUpdater~Cleanup - Initial cleanup successful"]
[4458][1639751357186][main][info]["LeaderSelection: Initialized successfully"]
[4458][1639751357386][main][info]["GPU detected VID 4318 DID 8089 ACTIVE true"]
[4458][1639751357419][main][info]["Bootstrap-models~bootstrap - Success"]
[4458][1639751357523][main][info]["window-manager~newSharedWindow: Shell loaded"]
[4458][1639751359087][main][info]["Main~AppEvents - Received booted event for process shared"]
[4458][1639751362498][main][info]["UpdateHandler~app-update-events - Received event",{"name":"checkForElectronVersionUpdated","namespace":"appUpdate"}]
[4458][1639751362509][main][info]["Main~AppEvents - Received booted event for process requester"]
[4458][1639751373446][main][info]["UpdateHandler~app-update-events - Received event",{"name":"updateElectron","namespace":"appUpdate","data":{"channel":"stable","version":"9.2.0","downloadVersion":"9.5.0","appId":"4a42f22c-c887-4568-93ea-ff73652e8d2a","userAgent":"Mozilla/5.0 (X11; Linux x86_64) AppleWebKit/537.36 (KHTML, like Gecko) Postman/9.2.0 Chrome/87.0.4280.88 Electron/11.1.1 Safari/537.36","platform":"LINUX","arch":"64","downloadURL":"https://dl.pstmn.io/download/version/9.5.0/linux_64","updateServerDomain":"https://dl.pstmn.io/","additionalParamsString":"installationId=4a42f22c-c887-4568-93ea-ff73652e8d2a&userId=15549181&syncEnabled=true&teamPlan=&teamId=0","userId":"15549181"}}]
[4458][1639751373447][main][info]["LinuxUpdater~downloadUpdate - UpdateInfo received",{"channel":"stable","version":"9.2.0","downloadVersion":"9.5.0","appId":"4a42f22c-c887-4568-93ea-ff73652e8d2a","userAgent":"Mozilla/5.0 (X11; Linux x86_64) AppleWebKit/537.36 (KHTML, like Gecko) Postman/9.2.0 Chrome/87.0.4280.88 Electron/11.1.1 Safari/537.36","platform":"LINUX","arch":"64","downloadURL":"https://dl.pstmn.io/download/version/9.5.0/linux_64","updateServerDomain":"https://dl.pstmn.io/","additionalParamsString":"installationId=4a42f22c-c887-4568-93ea-ff73652e8d2a&userId=15549181&syncEnabled=true&teamPlan=&teamId=0","userId":"15549181"}]
[4458][1639751373880][main][info]["@postman/app-updater: error",{"errno":-13,"code":"EACCES","syscall":"open","path":"/opt/postman/Postman-1639751373448.tar.gz","name":"Error","message":"EACCES: permission denied, open '/opt/postman/Postman-1639751373448.tar.gz'","stack":"Error: EACCES: permission denied, open '/opt/postman/Postman-1639751373448.tar.gz'"},{"packageName":"Postman","eID":"Postman-1639751373448","downloadURL":"https://dl.pstmn.io/download/version/9.5.0/linux_64","downloadDirectory":"/opt/postman","downloadInfo":{"status":"DOWNLOAD_ERROR","error":{"errno":-13,"code":"EACCES","syscall":"open","path":"/opt/postman/Postman-1639751373448.tar.gz"},"downloadDirectory":"/opt/postman"}}]
[4458][1639751373880][main][info]["UpdateHandler~app-update-events - Received event",{"name":"electronAppUpdateError","namespace":"appUpdate","data":{"error":{"errno":-13,"code":"EACCES","syscall":"open","path":"/opt/postman/Postman-1639751373448.tar.gz","name":"Error","message":"EACCES: permission denied, open '/opt/postman/Postman-1639751373448.tar.gz'","stack":"Error: EACCES: permission denied, open '/opt/postman/Postman-1639751373448.tar.gz'"},"updateData":{"packageName":"Postman","eID":"Postman-1639751373448","downloadURL":"https://dl.pstmn.io/download/version/9.5.0/linux_64","downloadDirectory":"/opt/postman","downloadInfo":{"status":"DOWNLOAD_ERROR","error":{"errno":-13,"code":"EACCES","syscall":"open","path":"/opt/postman/Postman-1639751373448.tar.gz"},"downloadDirectory":"/opt/postman"}}}}]
[4458][1639761370367][main][info]["WindowManager~closeHandler - Closed Window (id: 3 )"]
[4458][1639761370402][main][info]["Quitting app"]
[5486][1639805934626][main][info]["Booting Postman 9.2.0, linux-5.13.19-2-MANJARO on x64"]
[5486][1639805934628][main][info]["EventBus~initialize - Success"]
[5486][1639805934630][main][info]["Proxy configuration has not been setup"]
[5486][1639805934631][main][info]["CloudProxyManager~init - Success"]
[5486][1639805934636][main][info]["UpdateHandler~init - Success"]
[5486][1639805934888][main][info]["RuntimeIPCAgent~started: Success"]
[5486][1639805934889][main][info]["LinuxAutoUpdater~Cleanup - Initial cleanup successful"]
[5486][1639805934889][main][info]["LeaderSelection: Initialized successfully"]
[5486][1639805935057][main][info]["GPU detected VID 4318 DID 8089 ACTIVE true"]
[5486][1639805935070][main][info]["Bootstrap-models~bootstrap - Success"]
[5486][1639805935176][main][info]["window-manager~newSharedWindow: Shell loaded"]
[5486][1639805936597][main][info]["Main~AppEvents - Received booted event for process shared"]
[5486][1639805939256][main][info]["UpdateHandler~app-update-events - Received event",{"name":"checkForElectronVersionUpdated","namespace":"appUpdate"}]
[5486][1639805939265][main][info]["Main~AppEvents - Received booted event for process requester"]
[5486][1639805955003][main][info]["UpdateHandler~app-update-events - Received event",{"name":"updateElectron","namespace":"appUpdate","data":{"channel":"stable","version":"9.2.0","downloadVersion":"9.5.0","appId":"4a42f22c-c887-4568-93ea-ff73652e8d2a","userAgent":"Mozilla/5.0 (X11; Linux x86_64) AppleWebKit/537.36 (KHTML, like Gecko) Postman/9.2.0 Chrome/87.0.4280.88 Electron/11.1.1 Safari/537.36","platform":"LINUX","arch":"64","downloadURL":"https://dl.pstmn.io/download/version/9.5.0/linux_64","updateServerDomain":"https://dl.pstmn.io/","additionalParamsString":"installationId=4a42f22c-c887-4568-93ea-ff73652e8d2a&userId=15549181&syncEnabled=true&teamPlan=&teamId=0","userId":"15549181"}}]
[5486][1639805955004][main][info]["LinuxUpdater~downloadUpdate - UpdateInfo received",{"channel":"stable","version":"9.2.0","downloadVersion":"9.5.0","appId":"4a42f22c-c887-4568-93ea-ff73652e8d2a","userAgent":"Mozilla/5.0 (X11; Linux x86_64) AppleWebKit/537.36 (KHTML, like Gecko) Postman/9.2.0 Chrome/87.0.4280.88 Electron/11.1.1 Safari/537.36","platform":"LINUX","arch":"64","downloadURL":"https://dl.pstmn.io/download/version/9.5.0/linux_64","updateServerDomain":"https://dl.pstmn.io/","additionalParamsString":"installationId=4a42f22c-c887-4568-93ea-ff73652e8d2a&userId=15549181&syncEnabled=true&teamPlan=&teamId=0","userId":"15549181"}]
[5486][1639805955550][main][info]["@postman/app-updater: error",{"errno":-13,"code":"EACCES","syscall":"open","path":"/opt/postman/Postman-1639805955005.tar.gz","name":"Error","message":"EACCES: permission denied, open '/opt/postman/Postman-1639805955005.tar.gz'","stack":"Error: EACCES: permission denied, open '/opt/postman/Postman-1639805955005.tar.gz'"},{"packageName":"Postman","eID":"Postman-1639805955005","downloadURL":"https://dl.pstmn.io/download/version/9.5.0/linux_64","downloadDirectory":"/opt/postman","downloadInfo":{"status":"DOWNLOAD_ERROR","error":{"errno":-13,"code":"EACCES","syscall":"open","path":"/opt/postman/Postman-1639805955005.tar.gz"},"downloadDirectory":"/opt/postman"}}]
[5486][1639805955550][main][info]["UpdateHandler~app-update-events - Received event",{"name":"electronAppUpdateError","namespace":"appUpdate","data":{"error":{"errno":-13,"code":"EACCES","syscall":"open","path":"/opt/postman/Postman-1639805955005.tar.gz","name":"Error","message":"EACCES: permission denied, open '/opt/postman/Postman-1639805955005.tar.gz'","stack":"Error: EACCES: permission denied, open '/opt/postman/Postman-1639805955005.tar.gz'"},"updateData":{"packageName":"Postman","eID":"Postman-1639805955005","downloadURL":"https://dl.pstmn.io/download/version/9.5.0/linux_64","downloadDirectory":"/opt/postman","downloadInfo":{"status":"DOWNLOAD_ERROR","error":{"errno":-13,"code":"EACCES","syscall":"open","path":"/opt/postman/Postman-1639805955005.tar.gz"},"downloadDirectory":"/opt/postman"}}}}]
[5486][1639807743988][main][info]["WindowManager~closeHandler - Closed Window (id: 3 )"]
[5486][1639807744016][main][info]["Quitting app"]
[3671][1639813257248][main][info]["Booting Postman 9.2.0, linux-5.13.19-2-MANJARO on x64"]
[3671][1639813257250][main][info]["EventBus~initialize - Success"]
[3671][1639813257253][main][info]["Proxy configuration has not been setup"]
[3671][1639813257253][main][info]["CloudProxyManager~init - Success"]
[3671][1639813257258][main][info]["UpdateHandler~init - Success"]
[3671][1639813257514][main][info]["RuntimeIPCAgent~started: Success"]
[3671][1639813257515][main][info]["LinuxAutoUpdater~Cleanup - Initial cleanup successful"]
[3671][1639813257515][main][info]["LeaderSelection: Initialized successfully"]
[3671][1639813257695][main][info]["GPU detected VID 4318 DID 8089 ACTIVE true"]
[3671][1639813257707][main][info]["Bootstrap-models~bootstrap - Success"]
[3671][1639813257802][main][info]["window-manager~newSharedWindow: Shell loaded"]
[3671][1639813259189][main][info]["Main~AppEvents - Received booted event for process shared"]
[3671][1639813261773][main][info]["UpdateHandler~app-update-events - Received event",{"name":"checkForElectronVersionUpdated","namespace":"appUpdate"}]
[3671][1639813261785][main][info]["Main~AppEvents - Received booted event for process requester"]
[3671][1639813272566][main][info]["UpdateHandler~app-update-events - Received event",{"name":"updateElectron","namespace":"appUpdate","data":{"channel":"stable","version":"9.2.0","downloadVersion":"9.5.0","appId":"4a42f22c-c887-4568-93ea-ff73652e8d2a","userAgent":"Mozilla/5.0 (X11; Linux x86_64) AppleWebKit/537.36 (KHTML, like Gecko) Postman/9.2.0 Chrome/87.0.4280.88 Electron/11.1.1 Safari/537.36","platform":"LINUX","arch":"64","downloadURL":"https://dl.pstmn.io/download/version/9.5.0/linux_64","updateServerDomain":"https://dl.pstmn.io/","additionalParamsString":"installationId=4a42f22c-c887-4568-93ea-ff73652e8d2a&userId=15549181&syncEnabled=true&teamPlan=&teamId=0","userId":"15549181"}}]
[3671][1639813272567][main][info]["LinuxUpdater~downloadUpdate - UpdateInfo received",{"channel":"stable","version":"9.2.0","downloadVersion":"9.5.0","appId":"4a42f22c-c887-4568-93ea-ff73652e8d2a","userAgent":"Mozilla/5.0 (X11; Linux x86_64) AppleWebKit/537.36 (KHTML, like Gecko) Postman/9.2.0 Chrome/87.0.4280.88 Electron/11.1.1 Safari/537.36","platform":"LINUX","arch":"64","downloadURL":"https://dl.pstmn.io/download/version/9.5.0/linux_64","updateServerDomain":"https://dl.pstmn.io/","additionalParamsString":"installationId=4a42f22c-c887-4568-93ea-ff73652e8d2a&userId=15549181&syncEnabled=true&teamPlan=&teamId=0","userId":"15549181"}]
[3671][1639813272986][main][info]["@postman/app-updater: error",{"errno":-13,"code":"EACCES","syscall":"open","path":"/opt/postman/Postman-1639813272567.tar.gz","name":"Error","message":"EACCES: permission denied, open '/opt/postman/Postman-1639813272567.tar.gz'","stack":"Error: EACCES: permission denied, open '/opt/postman/Postman-1639813272567.tar.gz'"},{"packageName":"Postman","eID":"Postman-1639813272567","downloadURL":"https://dl.pstmn.io/download/version/9.5.0/linux_64","downloadDirectory":"/opt/postman","downloadInfo":{"status":"DOWNLOAD_ERROR","error":{"errno":-13,"code":"EACCES","syscall":"open","path":"/opt/postman/Postman-1639813272567.tar.gz"},"downloadDirectory":"/opt/postman"}}]
[3671][1639813272987][main][info]["UpdateHandler~app-update-events - Received event",{"name":"electronAppUpdateError","namespace":"appUpdate","data":{"error":{"errno":-13,"code":"EACCES","syscall":"open","path":"/opt/postman/Postman-1639813272567.tar.gz","name":"Error","message":"EACCES: permission denied, open '/opt/postman/Postman-1639813272567.tar.gz'","stack":"Error: EACCES: permission denied, open '/opt/postman/Postman-1639813272567.tar.gz'"},"updateData":{"packageName":"Postman","eID":"Postman-1639813272567","downloadURL":"https://dl.pstmn.io/download/version/9.5.0/linux_64","downloadDirectory":"/opt/postman","downloadInfo":{"status":"DOWNLOAD_ERROR","error":{"errno":-13,"code":"EACCES","syscall":"open","path":"/opt/postman/Postman-1639813272567.tar.gz"},"downloadDirectory":"/opt/postman"}}}}]
[3671][1639845694555][main][info]["WindowManager~closeHandler - Closed Window (id: 3 )"]
[3671][1639845694592][main][info]["Quitting app"]
[27215][1639938090521][main][info]["Booting Postman 9.2.0, linux-5.13.19-2-MANJARO on x64"]
[27215][1639938090524][main][info]["EventBus~initialize - Success"]
[27215][1639938090525][main][info]["Proxy configuration has not been setup"]
[27215][1639938090525][main][info]["CloudProxyManager~init - Success"]
[27215][1639938090530][main][info]["UpdateHandler~init - Success"]
[27215][1639938090796][main][info]["RuntimeIPCAgent~started: Success"]
[27215][1639938090797][main][info]["LinuxAutoUpdater~Cleanup - Initial cleanup successful"]
[27215][1639938090798][main][info]["LeaderSelection: Initialized successfully"]
[27215][1639938090932][main][info]["GPU detected VID 4318 DID 8089 ACTIVE true"]
[27215][1639938090987][main][info]["Bootstrap-models~bootstrap - Success"]
[27215][1639938091089][main][info]["window-manager~newSharedWindow: Shell loaded"]
[27215][1639938092638][main][info]["Main~AppEvents - Received booted event for process shared"]
[27215][1639938095222][main][info]["UpdateHandler~app-update-events - Received event",{"name":"checkForElectronVersionUpdated","namespace":"appUpdate"}]
[27215][1639938095233][main][info]["Main~AppEvents - Received booted event for process requester"]
[27215][1639938106079][main][info]["UpdateHandler~app-update-events - Received event",{"name":"updateElectron","namespace":"appUpdate","data":{"channel":"stable","version":"9.2.0","downloadVersion":"9.5.0","appId":"4a42f22c-c887-4568-93ea-ff73652e8d2a","userAgent":"Mozilla/5.0 (X11; Linux x86_64) AppleWebKit/537.36 (KHTML, like Gecko) Postman/9.2.0 Chrome/87.0.4280.88 Electron/11.1.1 Safari/537.36","platform":"LINUX","arch":"64","downloadURL":"https://dl.pstmn.io/download/version/9.5.0/linux_64","updateServerDomain":"https://dl.pstmn.io/","additionalParamsString":"installationId=4a42f22c-c887-4568-93ea-ff73652e8d2a&userId=15549181&syncEnabled=true&teamPlan=&teamId=0","userId":"15549181"}}]
[27215][1639938106079][main][info]["LinuxUpdater~downloadUpdate - UpdateInfo received",{"channel":"stable","version":"9.2.0","downloadVersion":"9.5.0","appId":"4a42f22c-c887-4568-93ea-ff73652e8d2a","userAgent":"Mozilla/5.0 (X11; Linux x86_64) AppleWebKit/537.36 (KHTML, like Gecko) Postman/9.2.0 Chrome/87.0.4280.88 Electron/11.1.1 Safari/537.36","platform":"LINUX","arch":"64","downloadURL":"https://dl.pstmn.io/download/version/9.5.0/linux_64","updateServerDomain":"https://dl.pstmn.io/","additionalParamsString":"installationId=4a42f22c-c887-4568-93ea-ff73652e8d2a&userId=15549181&syncEnabled=true&teamPlan=&teamId=0","userId":"15549181"}]
[27215][1639938106509][main][info]["@postman/app-updater: error",{"errno":-13,"code":"EACCES","syscall":"open","path":"/opt/postman/Postman-1639938106080.tar.gz","name":"Error","message":"EACCES: permission denied, open '/opt/postman/Postman-1639938106080.tar.gz'","stack":"Error: EACCES: permission denied, open '/opt/postman/Postman-1639938106080.tar.gz'"},{"packageName":"Postman","eID":"Postman-1639938106080","downloadURL":"https://dl.pstmn.io/download/version/9.5.0/linux_64","downloadDirectory":"/opt/postman","downloadInfo":{"status":"DOWNLOAD_ERROR","error":{"errno":-13,"code":"EACCES","syscall":"open","path":"/opt/postman/Postman-1639938106080.tar.gz"},"downloadDirectory":"/opt/postman"}}]
[27215][1639938106513][main][info]["UpdateHandler~app-update-events - Received event",{"name":"electronAppUpdateError","namespace":"appUpdate","data":{"error":{"errno":-13,"code":"EACCES","syscall":"open","path":"/opt/postman/Postman-1639938106080.tar.gz","name":"Error","message":"EACCES: permission denied, open '/opt/postman/Postman-1639938106080.tar.gz'","stack":"Error: EACCES: permission denied, open '/opt/postman/Postman-1639938106080.tar.gz'"},"updateData":{"packageName":"Postman","eID":"Postman-1639938106080","downloadURL":"https://dl.pstmn.io/download/version/9.5.0/linux_64","downloadDirectory":"/opt/postman","downloadInfo":{"status":"DOWNLOAD_ERROR","error":{"errno":-13,"code":"EACCES","syscall":"open","path":"/opt/postman/Postman-1639938106080.tar.gz"},"downloadDirectory":"/opt/postman"}}}}]
[27215][1639941030574][main][info]["WindowManager~closeHandler - Closed Window (id: 3 )"]
[27215][1639941030597][main][info]["Quitting app"]
[12859][1639990387482][main][info]["Booting Postman 9.2.0, linux-5.13.19-2-MANJARO on x64"]
[12859][1639990387484][main][info]["EventBus~initialize - Success"]
[12859][1639990387487][main][info]["Proxy configuration has not been setup"]
[12859][1639990387487][main][info]["CloudProxyManager~init - Success"]
[12859][1639990387492][main][info]["UpdateHandler~init - Success"]
[12859][1639990387767][main][info]["RuntimeIPCAgent~started: Success"]
[12859][1639990387768][main][info]["LinuxAutoUpdater~Cleanup - Initial cleanup successful"]
[12859][1639990387769][main][info]["LeaderSelection: Initialized successfully"]
[12859][1639990387960][main][info]["GPU detected VID 4318 DID 8089 ACTIVE true"]
[12859][1639990387979][main][info]["Bootstrap-models~bootstrap - Success"]
[12859][1639990388063][main][info]["window-manager~newSharedWindow: Shell loaded"]
[12859][1639990389513][main][info]["Main~AppEvents - Received booted event for process shared"]
[12859][1639990392023][main][info]["UpdateHandler~app-update-events - Received event",{"name":"checkForElectronVersionUpdated","namespace":"appUpdate"}]
[12859][1639990392035][main][info]["Main~AppEvents - Received booted event for process requester"]
[12859][1639990402721][main][info]["UpdateHandler~app-update-events - Received event",{"name":"updateElectron","namespace":"appUpdate","data":{"channel":"stable","version":"9.2.0","downloadVersion":"9.5.0","appId":"4a42f22c-c887-4568-93ea-ff73652e8d2a","userAgent":"Mozilla/5.0 (X11; Linux x86_64) AppleWebKit/537.36 (KHTML, like Gecko) Postman/9.2.0 Chrome/87.0.4280.88 Electron/11.1.1 Safari/537.36","platform":"LINUX","arch":"64","downloadURL":"https://dl.pstmn.io/download/version/9.5.0/linux_64","updateServerDomain":"https://dl.pstmn.io/","additionalParamsString":"installationId=4a42f22c-c887-4568-93ea-ff73652e8d2a&userId=15549181&syncEnabled=true&teamPlan=&teamId=0","userId":"15549181"}}]
[12859][1639990402722][main][info]["LinuxUpdater~downloadUpdate - UpdateInfo received",{"channel":"stable","version":"9.2.0","downloadVersion":"9.5.0","appId":"4a42f22c-c887-4568-93ea-ff73652e8d2a","userAgent":"Mozilla/5.0 (X11; Linux x86_64) AppleWebKit/537.36 (KHTML, like Gecko) Postman/9.2.0 Chrome/87.0.4280.88 Electron/11.1.1 Safari/537.36","platform":"LINUX","arch":"64","downloadURL":"https://dl.pstmn.io/download/version/9.5.0/linux_64","updateServerDomain":"https://dl.pstmn.io/","additionalParamsString":"installationId=4a42f22c-c887-4568-93ea-ff73652e8d2a&userId=15549181&syncEnabled=true&teamPlan=&teamId=0","userId":"15549181"}]
[12859][1639990403132][main][info]["@postman/app-updater: error",{"errno":-13,"code":"EACCES","syscall":"open","path":"/opt/postman/Postman-1639990402722.tar.gz","name":"Error","message":"EACCES: permission denied, open '/opt/postman/Postman-1639990402722.tar.gz'","stack":"Error: EACCES: permission denied, open '/opt/postman/Postman-1639990402722.tar.gz'"},{"packageName":"Postman","eID":"Postman-1639990402722","downloadURL":"https://dl.pstmn.io/download/version/9.5.0/linux_64","downloadDirectory":"/opt/postman","downloadInfo":{"status":"DOWNLOAD_ERROR","error":{"errno":-13,"code":"EACCES","syscall":"open","path":"/opt/postman/Postman-1639990402722.tar.gz"},"downloadDirectory":"/opt/postman"}}]
[12859][1639990403133][main][info]["UpdateHandler~app-update-events - Received event",{"name":"electronAppUpdateError","namespace":"appUpdate","data":{"error":{"errno":-13,"code":"EACCES","syscall":"open","path":"/opt/postman/Postman-1639990402722.tar.gz","name":"Error","message":"EACCES: permission denied, open '/opt/postman/Postman-1639990402722.tar.gz'","stack":"Error: EACCES: permission denied, open '/opt/postman/Postman-1639990402722.tar.gz'"},"updateData":{"packageName":"Postman","eID":"Postman-1639990402722","downloadURL":"https://dl.pstmn.io/download/version/9.5.0/linux_64","downloadDirectory":"/opt/postman","downloadInfo":{"status":"DOWNLOAD_ERROR","error":{"errno":-13,"code":"EACCES","syscall":"open","path":"/opt/postman/Postman-1639990402722.tar.gz"},"downloadDirectory":"/opt/postman"}}}}]
[12859][1639995146000][main][info]["WindowManager~closeHandler - Closed Window (id: 3 )"]
[12859][1639995146018][main][info]["Quitting app"]
[17923][1640243455663][main][info]["Booting Postman 9.2.0, linux-5.13.19-2-MANJARO on x64"]
[17923][1640243455667][main][info]["EventBus~initialize - Success"]
[17923][1640243455672][main][info]["Proxy configuration has not been setup"]
[17923][1640243455672][main][info]["CloudProxyManager~init - Success"]
[17923][1640243455678][main][info]["UpdateHandler~init - Success"]
[17923][1640243456132][main][info]["RuntimeIPCAgent~started: Success"]
[17923][1640243456136][main][info]["LinuxAutoUpdater~Cleanup - Initial cleanup successful"]
[17923][1640243456137][main][info]["LeaderSelection: Initialized successfully"]
[17923][1640243456363][main][info]["GPU detected VID 4318 DID 8089 ACTIVE true"]
[17923][1640243456425][main][info]["Bootstrap-models~bootstrap - Success"]
[17923][1640243456575][main][info]["window-manager~newSharedWindow: Shell loaded"]
[17923][1640243458245][main][info]["Main~AppEvents - Received booted event for process shared"]
[17923][1640243461047][main][info]["UpdateHandler~app-update-events - Received event",{"name":"checkForElectronVersionUpdated","namespace":"appUpdate"}]
[17923][1640243461064][main][info]["Main~AppEvents - Received booted event for process requester"]
[17923][1640243472033][main][info]["UpdateHandler~app-update-events - Received event",{"name":"updateElectron","namespace":"appUpdate","data":{"channel":"stable","version":"9.2.0","downloadVersion":"9.6.1","appId":"4a42f22c-c887-4568-93ea-ff73652e8d2a","userAgent":"Mozilla/5.0 (X11; Linux x86_64) AppleWebKit/537.36 (KHTML, like Gecko) Postman/9.2.0 Chrome/87.0.4280.88 Electron/11.1.1 Safari/537.36","platform":"LINUX","arch":"64","downloadURL":"https://dl.pstmn.io/download/version/9.6.1/linux_64","updateServerDomain":"https://dl.pstmn.io/","additionalParamsString":"installationId=4a42f22c-c887-4568-93ea-ff73652e8d2a&userId=15549181&syncEnabled=true&teamPlan=&teamId=0","userId":"15549181"}}]
[17923][1640243472034][main][info]["LinuxUpdater~downloadUpdate - UpdateInfo received",{"channel":"stable","version":"9.2.0","downloadVersion":"9.6.1","appId":"4a42f22c-c887-4568-93ea-ff73652e8d2a","userAgent":"Mozilla/5.0 (X11; Linux x86_64) AppleWebKit/537.36 (KHTML, like Gecko) Postman/9.2.0 Chrome/87.0.4280.88 Electron/11.1.1 Safari/537.36","platform":"LINUX","arch":"64","downloadURL":"https://dl.pstmn.io/download/version/9.6.1/linux_64","updateServerDomain":"https://dl.pstmn.io/","additionalParamsString":"installationId=4a42f22c-c887-4568-93ea-ff73652e8d2a&userId=15549181&syncEnabled=true&teamPlan=&teamId=0","userId":"15549181"}]
[17923][1640243472418][main][info]["@postman/app-updater: error",{"errno":-13,"code":"EACCES","syscall":"open","path":"/opt/postman/Postman-1640243472034.tar.gz","name":"Error","message":"EACCES: permission denied, open '/opt/postman/Postman-1640243472034.tar.gz'","stack":"Error: EACCES: permission denied, open '/opt/postman/Postman-1640243472034.tar.gz'"},{"packageName":"Postman","eID":"Postman-1640243472034","downloadURL":"https://dl.pstmn.io/download/version/9.6.1/linux_64","downloadDirectory":"/opt/postman","downloadInfo":{"status":"DOWNLOAD_ERROR","error":{"errno":-13,"code":"EACCES","syscall":"open","path":"/opt/postman/Postman-1640243472034.tar.gz"},"downloadDirectory":"/opt/postman"}}]
[17923][1640243472419][main][info]["UpdateHandler~app-update-events - Received event",{"name":"electronAppUpdateError","namespace":"appUpdate","data":{"error":{"errno":-13,"code":"EACCES","syscall":"open","path":"/opt/postman/Postman-1640243472034.tar.gz","name":"Error","message":"EACCES: permission denied, open '/opt/postman/Postman-1640243472034.tar.gz'","stack":"Error: EACCES: permission denied, open '/opt/postman/Postman-1640243472034.tar.gz'"},"updateData":{"packageName":"Postman","eID":"Postman-1640243472034","downloadURL":"https://dl.pstmn.io/download/version/9.6.1/linux_64","downloadDirectory":"/opt/postman","downloadInfo":{"status":"DOWNLOAD_ERROR","error":{"errno":-13,"code":"EACCES","syscall":"open","path":"/opt/postman/Postman-1640243472034.tar.gz"},"downloadDirectory":"/opt/postman"}}}}]
[17923][1640247808146][main][info]["WindowManager~closeHandler - Closed Window (id: 3 )"]
[17923][1640247808161][main][info]["Quitting app"]
