[59827][1636511237826][scratchpad][info]["EventBus~initialize - Success"]
[59827][1636511237827][scratchpad][info]["Messaging~boot - Success"]
[59827][1636511237837][scratchpad][info]["bootCrashReporter~ Success"]
[59827][1636511237838][scratchpad][info]["Telemetry~boot - Success"]
[59827][1636511237838][scratchpad][info]["bootConfigurations~initialize - Success"]
[59827][1636511237840][scratchpad][info]["Settings~boot - Success"]
[59827][1636511237885][scratchpad][info]["bootstrapModels - Success"]
[59827][1636511237885][scratchpad][info]["WLModels~boot - Success"]
[59827][1636511237891][scratchpad][info]["Session~boot - Success"]
[59827][1636511237892][scratchpad][info]["IndependentServices~boot - Success"]
[59827][1636511237895][scratchpad][info]["AppModels~boot - Success"]
[59827][1636511237905][scratchpad][info]["Sync~boot - Success"]
[59827][1636511237910][scratchpad][info]["PostUpdateBackup~init: Success"]
[59827][1636511237911][scratchpad][info]["Shared~boot - Success"]
[59827][1636511237912][scratchpad][info]["DBWatcher~boot - Success"]
[59827][1636511237913][scratchpad][info]["ThemeManager~boot - Success"]
[59827][1636511237913][scratchpad][info]["WorkbenchService~boot - Success"]
[59827][1636511237914][scratchpad][info]["ContextBarRegistry~boot - Success"]
[59827][1636511237914][scratchpad][info]["Store~boot - Success"]
[59827][1636511237915][scratchpad][info]["Shortcuts~boot - Success"]
[59827][1636511237921][scratchpad][info]["NewConsole~boot - Success"]
[59827][1636511237923][scratchpad][info]["APIDevInterface~boot - Success"]
[59827][1636511237926][scratchpad][info]["Attempting to create IPCNode to proxy_node_process"]
[59827][1636511237931][scratchpad][info]["Requester~boot - Success"]
[59827][1636511237932][scratchpad][info]["SharedRuntimeListeners~boot - Success"]
[59827][1636511237932][scratchpad][info]["booted - scratchpad"]
[59827][1636511238026][scratchpad][info]["NavigationService ~ [BROWSER] Transitioning io the initial route with the URL:","home"]
[59827][1636511238040][scratchpad][info]["CloudProxyHandler: Proxy configuration has not been setup"]
[59827][1636511238041][scratchpad][error]["IPCNode~createClient~something wrong connecting to the IPC server",{"errno":"ENOENT","code":"ENOENT","syscall":"connect","address":"/home/soulninja/.config/Postman/proxy_node_process_prod.sock","name":"Error","message":"connect ENOENT /home/soulninja/.config/Postman/proxy_node_process_prod.sock","stack":"Error: connect ENOENT /home/soulninja/.config/Postman/proxy_node_process_prod.sock\n    at PipeConnectWrap.afterConnect [as oncomplete] (net.js:1141:16)"}]
[59827][1636511238053][scratchpad][error]["WorkspaceSessionController~getActiveSession: WorkspaceSession not found in db"]
[59827][1636511238054][scratchpad][error]["ActiveWorkspaceSessionStore: Initial Hydration Failed once"]
[59827][1636511238066][scratchpad][error]["WorkspaceSessionController~getActiveSession: WorkspaceSession not found in db"]
[59827][1636511238067][scratchpad][error]["ActiveWorkspaceSessionStore: Initial Hydration Failed twice",{"name":"Error","message":"WorkspaceSessionController~getActiveSession: WorkspaceSession not found in db","stack":"Error: WorkspaceSessionController~getActiveSession: WorkspaceSession not found in db\n    at file:///opt/postman/app/resources/app/js/scratchpad/vendor-shared.js:2:3684119"}]
[59827][1636511238197][scratchpad][info]["SessionValidation - Registering listener"]
[59827][1636511238203][scratchpad][info]["UI pulled the session locked information on init"]
[59827][1636511248530][scratchpad][info]["EventBus~initialize - Success"]
[59827][1636511248532][scratchpad][info]["Messaging~boot - Success"]
[59827][1636511248542][scratchpad][info]["bootCrashReporter~ Success"]
[59827][1636511248543][scratchpad][info]["Telemetry~boot - Success"]
[59827][1636511248544][scratchpad][info]["bootConfigurations~initialize - Success"]
[59827][1636511248545][scratchpad][info]["Settings~boot - Success"]
[59827][1636511248605][scratchpad][info]["bootstrapModels - Success"]
[59827][1636511248605][scratchpad][info]["WLModels~boot - Success"]
[59827][1636511248610][scratchpad][info]["Session~boot - Success"]
[59827][1636511248612][scratchpad][info]["IndependentServices~boot - Success"]
[59827][1636511248615][scratchpad][info]["AppModels~boot - Success"]
[59827][1636511248626][scratchpad][info]["Sync~boot - Success"]
[59827][1636511248632][scratchpad][info]["PostUpdateBackup~init: Success"]
[59827][1636511248633][scratchpad][info]["Shared~boot - Success"]
[59827][1636511248634][scratchpad][info]["DBWatcher~boot - Success"]
[59827][1636511248636][scratchpad][info]["ThemeManager~boot - Success"]
[59827][1636511248636][scratchpad][info]["WorkbenchService~boot - Success"]
[59827][1636511248636][scratchpad][info]["ContextBarRegistry~boot - Success"]
[59827][1636511248636][scratchpad][info]["Store~boot - Success"]
[59827][1636511248638][scratchpad][info]["Shortcuts~boot - Success"]
[59827][1636511248648][scratchpad][info]["NewConsole~boot - Success"]
[59827][1636511248650][scratchpad][info]["APIDevInterface~boot - Success"]
[59827][1636511248653][scratchpad][info]["Attempting to create IPCNode to proxy_node_process"]
[59827][1636511248659][scratchpad][info]["Requester~boot - Success"]
[59827][1636511248660][scratchpad][info]["SharedRuntimeListeners~boot - Success"]
[59827][1636511248660][scratchpad][info]["booted - scratchpad"]
[59827][1636511248755][scratchpad][info]["NavigationService ~ [BROWSER] Transitioning io the initial route with the URL:","home"]
[59827][1636511248801][scratchpad][info]["CloudProxyHandler: Proxy configuration has not been setup"]
[59827][1636511248801][scratchpad][error]["IPCNode~createClient~something wrong connecting to the IPC server",{"errno":"ENOENT","code":"ENOENT","syscall":"connect","address":"/home/soulninja/.config/Postman/proxy_node_process_prod.sock","name":"Error","message":"connect ENOENT /home/soulninja/.config/Postman/proxy_node_process_prod.sock","stack":"Error: connect ENOENT /home/soulninja/.config/Postman/proxy_node_process_prod.sock\n    at PipeConnectWrap.afterConnect [as oncomplete] (net.js:1141:16)"}]
[59827][1636511248822][scratchpad][error]["WorkspaceSessionController~getActiveSession: WorkspaceSession not found in db"]
[59827][1636511248824][scratchpad][error]["ActiveWorkspaceSessionStore: Initial Hydration Failed once"]
[59827][1636511248839][scratchpad][error]["WorkspaceSessionController~getActiveSession: WorkspaceSession not found in db"]
[59827][1636511248840][scratchpad][error]["ActiveWorkspaceSessionStore: Initial Hydration Failed twice",{"name":"Error","message":"WorkspaceSessionController~getActiveSession: WorkspaceSession not found in db","stack":"Error: WorkspaceSessionController~getActiveSession: WorkspaceSession not found in db\n    at file:///opt/postman/app/resources/app/js/scratchpad/vendor-shared.js:2:3684119"}]
[59827][1636511249016][scratchpad][info]["SessionValidation - Registering listener"]
[59827][1636511249022][scratchpad][info]["UI pulled the session locked information on init"]
