[59827][1636511235557][shell][info]["EventBus~initialize - Success"]
[59827][1636511235565][shell][info]["bootShellCrashReporter~ Success"]
[59827][1636511235573][shell][info]["shellController~init: Success"]
[59827][1636511235573][shell][info]["shellMeta~init: Success"]
[59827][1636511235573][shell][info]["partitionMigrationService: State of V7 partition:"]
[59827][1636511235573][shell][info]["partitionMigrationService: V7 partitions",[]]
[59827][1636511235574][shell][info]["partitionMigrationService: V7 lastActiveUser",null]
[59827][1636511235574][shell][info]["partitionMigrationService: V7 activePartition",null]
[59827][1636511235574][shell][info]["partitionMigrationService: V7 isPartitionDirty",null]
[59827][1636511235574][shell][info]["partitionMigrationService~rectifyNamespaceOfScratchPadPartition: There is no partition with scratchpad namespace"]
[59827][1636511235574][shell][info]["partitionMigrationService~rectifyNamespaceOfScratchPadPartition: There is no transit partition which could have been used for scratchpad"]
[59827][1636511235574][shell][info]["partitionMigrationService~init: Success"]
[59827][1636511235575][shell][info]["partitionMigrationService~runV8PartitionsIntegrity: Two way migration~ removing the following partitions from v8",[]]
[59827][1636511235575][shell][info]["userPartitionService~_rectifyTheActivePartitionOfApplication: Setting the active partition to ",null]
[59827][1636511235575][shell][info]["userPartitionService~init: Success"]
[59827][1636511235576][shell][info]["userPartitionService: State of v8 partition system:"]
[59827][1636511235576][shell][info]["userPartitionService: List of partitions:",[]]
[59827][1636511235576][shell][info]["userPartitionService: users global meta:",{"activePartition":null}]
[59827][1636511235576][shell][info]["shell~init~loadView: loading scratchpad partition"]
[59827][1636511235577][shell][info]["shell~init~loadView: loading active partition","fe071e5f-363e-499b-8e62-a69e296cb1b0"]
[59827][1636511235578][shell][info]["init~setViewAttributes - Initializing view with opts:",{"id":2,"type":"shared","startTime":1636511235115,"devtools":false,"partitionId":"fe071e5f-363e-499b-8e62-a69e296cb1b0"}]
[59827][1636511235578][shell][info]["Shell~init~setViewAttributes: passing scratchpad partition id as ","fe071e5f-363e-499b-8e62-a69e296cb1b0"]
[59827][1636511235578][shell][info]["Shell~init~setViewAttributes: do we have any logged in users? ",false]
[59827][1636511235579][shell][info]["init~setViewAttributes - Success"]
[59827][1636511236652][shell][info]["Shell~init~sendUsersDataToRenderer",[]]
[59827][1636511236652][shell][info]["Shell~init~requestTeamIdIfV7Partition: requesting user context from requester web view"]
[59827][1636511236708][shell][info]["Shell~init~attachShellIPCListeners: Received user context from requester web view",{"userId":"0","teamId":"0"}]
[59827][1636511236866][shell][info]["EventBus~initialize - Success"]
[59827][1636511236871][shell][info]["bootShellCrashReporter~ Success"]
[59827][1636511236879][shell][info]["userPartitionService: State of v8 partition system:"]
[59827][1636511236879][shell][info]["userPartitionService: List of partitions:",[{"partitionId":"fe071e5f-363e-499b-8e62-a69e296cb1b0","namespace":"scratchPad","userId":0,"teamId":0,"isDirty":false}]]
[59827][1636511236880][shell][info]["userPartitionService: users global meta:",{"activePartition":"fe071e5f-363e-499b-8e62-a69e296cb1b0"}]
[59827][1636511236880][shell][info]["shell~init~loadView: loading active partition"]
[59827][1636511236880][shell][info]["shell~init~loadView: loading active partition","fe071e5f-363e-499b-8e62-a69e296cb1b0"]
[59827][1636511236881][shell][info]["init~setViewAttributes - Initializing view with opts:",{"id":3,"type":"requester","startTime":1636511236666,"devtools":false,"primaryId":3,"allIds":[3],"partitionId":"fe071e5f-363e-499b-8e62-a69e296cb1b0"}]
[59827][1636511236881][shell][info]["Shell~init~setViewAttributes: passing scratchpad partition id as ","fe071e5f-363e-499b-8e62-a69e296cb1b0"]
[59827][1636511236881][shell][info]["Shell~init~setViewAttributes: do we have any logged in users? ",false]
[59827][1636511236882][shell][info]["init~setViewAttributes - Success"]
[59827][1636511237934][shell][info]["Shell~init~sendUsersDataToRenderer",[]]
[59827][1636511237959][shell][info]["Shell~init~sendUsersDataToRenderer",[]]
[59827][1636511245808][shell][info]["Shell~init~addNewUser: using transit partition","00991a4a-9230-4f3f-a0a6-70020e75e82c"]
[59827][1636511245809][shell][info]["shell~init~loadView: loading active partition","00991a4a-9230-4f3f-a0a6-70020e75e82c"]
[59827][1636511245809][shell][info]["init~setViewAttributes - Initializing view with opts:",{"id":2,"partitionId":"00991a4a-9230-4f3f-a0a6-70020e75e82c","newUser":true,"type":"shared"}]
[59827][1636511245810][shell][info]["Shell~init~setViewAttributes: passing scratchpad partition id as ","fe071e5f-363e-499b-8e62-a69e296cb1b0"]
[59827][1636511245810][shell][info]["Shell~init~setViewAttributes: do we have any logged in users? ",false]
[59827][1636511245810][shell][info]["init~setViewAttributes - Success"]
[59827][1636511247342][shell][info]["Shell~init~sendUsersDataToRenderer",[]]
[59827][1636511247518][shell][info]["EventBus~initialize - Success"]
[59827][1636511247523][shell][info]["bootShellCrashReporter~ Success"]
[59827][1636511247531][shell][info]["userPartitionService: State of v8 partition system:"]
[59827][1636511247532][shell][info]["userPartitionService: List of partitions:",[{"partitionId":"00991a4a-9230-4f3f-a0a6-70020e75e82c","namespace":"users","userId":0,"teamId":0,"lastUpdated":"2021-11-10T02:27:25.808Z"},{"partitionId":"fe071e5f-363e-499b-8e62-a69e296cb1b0","namespace":"scratchPad","userId":0,"teamId":0,"isDirty":false}]]
[59827][1636511247532][shell][info]["userPartitionService: users global meta:",{"activePartition":"00991a4a-9230-4f3f-a0a6-70020e75e82c"}]
[59827][1636511247532][shell][info]["shell~init~loadView: loading active partition"]
[59827][1636511247532][shell][info]["shell~init~loadView: loading active partition","00991a4a-9230-4f3f-a0a6-70020e75e82c"]
[59827][1636511247533][shell][info]["init~setViewAttributes - Initializing view with opts:",{"id":6,"type":"requester","startTime":1636511247361,"devtools":false,"primaryId":6,"allIds":[6],"partitionId":"00991a4a-9230-4f3f-a0a6-70020e75e82c"}]
[59827][1636511247533][shell][info]["Shell~init~setViewAttributes: passing scratchpad partition id as ","fe071e5f-363e-499b-8e62-a69e296cb1b0"]
[59827][1636511247533][shell][info]["Shell~init~setViewAttributes: do we have any logged in users? ",false]
[59827][1636511247534][shell][info]["init~setViewAttributes - Success"]
[59827][1636511248661][shell][info]["Shell~init~sendUsersDataToRenderer",[]]
[59827][1636511248685][shell][info]["Shell~init~sendUsersDataToRenderer",[]]
[59827][1636511263212][shell][info]["Shell~init~loginUser"]
[59827][1636511263212][shell][info]["Shell~init~loginUser: associating the user ","15549181"," with current partition ","00991a4a-9230-4f3f-a0a6-70020e75e82c"]
[59827][1636511263213][shell][info]["userPartitionService~associateTransitPartition: ",{"partitionId":"00991a4a-9230-4f3f-a0a6-70020e75e82c","context":{"namespace":"users","userId":"15549181","teamId":"0"}}]
[59827][1636511263213][shell][info]["userPartitionService: State of v8 partition system:"]
[59827][1636511263213][shell][info]["userPartitionService: List of partitions:",[{"partitionId":"00991a4a-9230-4f3f-a0a6-70020e75e82c","namespace":"users","userId":"15549181","teamId":"0","lastUpdated":"2021-11-10T02:27:43.213Z"},{"partitionId":"fe071e5f-363e-499b-8e62-a69e296cb1b0","namespace":"scratchPad","userId":0,"teamId":0,"isDirty":false}]]
[59827][1636511263214][shell][info]["userPartitionService: users global meta:",{"activePartition":"00991a4a-9230-4f3f-a0a6-70020e75e82c"}]
[59827][1636511263214][shell][info]["Shell~init~sendUsersDataToRenderer",["15549181"]]
[59827][1636511263410][shell][info]["EventBus~initialize - Success"]
[59827][1636511263412][shell][info]["bootShellCrashReporter~ Success"]
[59827][1636511263426][shell][info]["userPartitionService: State of v8 partition system:"]
[59827][1636511263426][shell][info]["userPartitionService: List of partitions:",[{"partitionId":"00991a4a-9230-4f3f-a0a6-70020e75e82c","namespace":"users","userId":"15549181","teamId":"0","lastUpdated":"2021-11-10T02:27:43.213Z"},{"partitionId":"fe071e5f-363e-499b-8e62-a69e296cb1b0","namespace":"scratchPad","userId":0,"teamId":0,"isDirty":false}]]
[59827][1636511263426][shell][info]["userPartitionService: users global meta:",{"activePartition":"00991a4a-9230-4f3f-a0a6-70020e75e82c"}]
[59827][1636511263426][shell][info]["shell~init~loadView: loading active partition"]
[59827][1636511263427][shell][info]["shell~init~loadView: loading active partition","00991a4a-9230-4f3f-a0a6-70020e75e82c"]
[59827][1636511263427][shell][info]["init~setViewAttributes - Initializing view with opts:",{"id":6,"type":"requester","startTime":1636511247361,"devtools":false,"primaryId":6,"allIds":[6],"partitionId":"00991a4a-9230-4f3f-a0a6-70020e75e82c"}]
[59827][1636511263428][shell][info]["Shell~init~setViewAttributes: passing scratchpad partition id as ","fe071e5f-363e-499b-8e62-a69e296cb1b0"]
[59827][1636511263428][shell][info]["Shell~init~setViewAttributes: do we have any logged in users? ",true]
[59827][1636511263428][shell][info]["init~setViewAttributes - Success"]
[59827][1636511265890][shell][info]["Shell~init~sendUsersDataToRenderer",["15549181"]]
[59827][1636511265914][shell][info]["Shell~init~sendUsersDataToRenderer",["15549181"]]
[59827][1636511266519][shell][info]["model-events~user - bootstrapUser received"]
[59827][1636511266520][shell][info]["userPartitionService~associateTransitPartition: ",{"partitionId":"00991a4a-9230-4f3f-a0a6-70020e75e82c","context":{"namespace":"users","userId":"15549181","teamId":"0"}}]
[59827][1636511266520][shell][info]["userPartitionService: State of v8 partition system:"]
[59827][1636511266520][shell][info]["userPartitionService: List of partitions:",[{"partitionId":"00991a4a-9230-4f3f-a0a6-70020e75e82c","namespace":"users","userId":"15549181","teamId":"0","lastUpdated":"2021-11-10T02:27:46.520Z"},{"partitionId":"fe071e5f-363e-499b-8e62-a69e296cb1b0","namespace":"scratchPad","userId":0,"teamId":0,"isDirty":false}]]
[59827][1636511266520][shell][info]["userPartitionService: users global meta:",{"activePartition":"00991a4a-9230-4f3f-a0a6-70020e75e82c"}]
[4746][1636541067977][shell][info]["EventBus~initialize - Success"]
[4746][1636541067984][shell][info]["bootShellCrashReporter~ Success"]
[4746][1636541067992][shell][info]["shellController~init: Success"]
[4746][1636541067993][shell][info]["shellMeta~init: Success"]
[4746][1636541067993][shell][info]["partitionMigrationService: State of V7 partition:"]
[4746][1636541067993][shell][info]["partitionMigrationService: V7 partitions",[]]
[4746][1636541067993][shell][info]["partitionMigrationService: V7 lastActiveUser",null]
[4746][1636541067993][shell][info]["partitionMigrationService: V7 activePartition",null]
[4746][1636541067993][shell][info]["partitionMigrationService: V7 isPartitionDirty",null]
[4746][1636541067994][shell][info]["partitionMigrationService~init: Success"]
[4746][1636541067994][shell][info]["partitionMigrationService~runV8PartitionsIntegrity: Two way migration~ removing the following partitions from v8",[]]
[4746][1636541067994][shell][info]["userPartitionService~getRecentV8UserPartition: recent v8 user context partition ","00991a4a-9230-4f3f-a0a6-70020e75e82c"]
[4746][1636541067995][shell][info]["userPartitionService~_rectifyTheActivePartitionOfApplication: Setting the active partition to ","00991a4a-9230-4f3f-a0a6-70020e75e82c"]
[4746][1636541067995][shell][info]["userPartitionService~init: Success"]
[4746][1636541067995][shell][info]["userPartitionService: State of v8 partition system:"]
[4746][1636541067996][shell][info]["userPartitionService: List of partitions:",[{"partitionId":"00991a4a-9230-4f3f-a0a6-70020e75e82c","namespace":"users","userId":"15549181","teamId":"0","lastUpdated":"2021-11-10T02:27:46.520Z"},{"partitionId":"fe071e5f-363e-499b-8e62-a69e296cb1b0","namespace":"scratchPad","userId":0,"teamId":0,"isDirty":false}]]
[4746][1636541067996][shell][info]["userPartitionService: users global meta:",{"activePartition":"00991a4a-9230-4f3f-a0a6-70020e75e82c"}]
[4746][1636541067996][shell][info]["shell~init~loadView: loading active partition"]
[4746][1636541067996][shell][info]["shell~init~loadView: loading active partition","00991a4a-9230-4f3f-a0a6-70020e75e82c"]
[4746][1636541067997][shell][info]["init~setViewAttributes - Initializing view with opts:",{"id":2,"type":"shared","startTime":1636541067777,"devtools":false,"partitionId":"00991a4a-9230-4f3f-a0a6-70020e75e82c"}]
[4746][1636541067998][shell][info]["Shell~init~setViewAttributes: passing scratchpad partition id as ","fe071e5f-363e-499b-8e62-a69e296cb1b0"]
[4746][1636541067998][shell][info]["Shell~init~setViewAttributes: do we have any logged in users? ",true]
[4746][1636541067998][shell][info]["init~setViewAttributes - Success"]
[4746][1636541069360][shell][info]["Shell~init~sendUsersDataToRenderer",["15549181"]]
[4746][1636541069666][shell][info]["EventBus~initialize - Success"]
[4746][1636541069671][shell][info]["bootShellCrashReporter~ Success"]
[4746][1636541069679][shell][info]["userPartitionService: State of v8 partition system:"]
[4746][1636541069679][shell][info]["userPartitionService: List of partitions:",[{"partitionId":"00991a4a-9230-4f3f-a0a6-70020e75e82c","namespace":"users","userId":"15549181","teamId":"0","lastUpdated":"2021-11-10T02:27:46.520Z"},{"partitionId":"fe071e5f-363e-499b-8e62-a69e296cb1b0","namespace":"scratchPad","userId":0,"teamId":0,"isDirty":false}]]
[4746][1636541069680][shell][info]["userPartitionService: users global meta:",{"activePartition":"00991a4a-9230-4f3f-a0a6-70020e75e82c"}]
[4746][1636541069680][shell][info]["shell~init~loadView: loading active partition"]
[4746][1636541069680][shell][info]["shell~init~loadView: loading active partition","00991a4a-9230-4f3f-a0a6-70020e75e82c"]
[4746][1636541069681][shell][info]["init~setViewAttributes - Initializing view with opts:",{"id":3,"type":"requester","startTime":1636541069374,"devtools":false,"primaryId":3,"allIds":[3],"partitionId":"00991a4a-9230-4f3f-a0a6-70020e75e82c"}]
[4746][1636541069681][shell][info]["Shell~init~setViewAttributes: passing scratchpad partition id as ","fe071e5f-363e-499b-8e62-a69e296cb1b0"]
[4746][1636541069681][shell][info]["Shell~init~setViewAttributes: do we have any logged in users? ",true]
[4746][1636541069682][shell][info]["init~setViewAttributes - Success"]
[4746][1636541071987][shell][info]["Shell~init~sendUsersDataToRenderer",["15549181"]]
[4746][1636541072013][shell][info]["Shell~init~sendUsersDataToRenderer",["15549181"]]
[4746][1636541073486][shell][info]["model-events~user - bootstrapUser received"]
[4746][1636541073486][shell][info]["userPartitionService~associateTransitPartition: ",{"partitionId":"00991a4a-9230-4f3f-a0a6-70020e75e82c","context":{"namespace":"users","userId":"15549181","teamId":"0"}}]
[4746][1636541073487][shell][info]["userPartitionService: State of v8 partition system:"]
[4746][1636541073487][shell][info]["userPartitionService: List of partitions:",[{"partitionId":"00991a4a-9230-4f3f-a0a6-70020e75e82c","namespace":"users","userId":"15549181","teamId":"0","lastUpdated":"2021-11-10T10:44:33.486Z"},{"partitionId":"fe071e5f-363e-499b-8e62-a69e296cb1b0","namespace":"scratchPad","userId":0,"teamId":0,"isDirty":false}]]
[4746][1636541073487][shell][info]["userPartitionService: users global meta:",{"activePartition":"00991a4a-9230-4f3f-a0a6-70020e75e82c"}]
[39807][1636568355233][shell][info]["EventBus~initialize - Success"]
[39807][1636568355241][shell][info]["bootShellCrashReporter~ Success"]
[39807][1636568355252][shell][info]["shellController~init: Success"]
[39807][1636568355252][shell][info]["shellMeta~init: Success"]
[39807][1636568355253][shell][info]["partitionMigrationService: State of V7 partition:"]
[39807][1636568355253][shell][info]["partitionMigrationService: V7 partitions",[]]
[39807][1636568355253][shell][info]["partitionMigrationService: V7 lastActiveUser",null]
[39807][1636568355253][shell][info]["partitionMigrationService: V7 activePartition",null]
[39807][1636568355253][shell][info]["partitionMigrationService: V7 isPartitionDirty",null]
[39807][1636568355254][shell][info]["partitionMigrationService~init: Success"]
[39807][1636568355254][shell][info]["partitionMigrationService~runV8PartitionsIntegrity: Two way migration~ removing the following partitions from v8",[]]
[39807][1636568355255][shell][info]["userPartitionService~getRecentV8UserPartition: recent v8 user context partition ","00991a4a-9230-4f3f-a0a6-70020e75e82c"]
[39807][1636568355255][shell][info]["userPartitionService~_rectifyTheActivePartitionOfApplication: Setting the active partition to ","00991a4a-9230-4f3f-a0a6-70020e75e82c"]
[39807][1636568355256][shell][info]["userPartitionService~init: Success"]
[39807][1636568355256][shell][info]["userPartitionService: State of v8 partition system:"]
[39807][1636568355257][shell][info]["userPartitionService: List of partitions:",[{"partitionId":"00991a4a-9230-4f3f-a0a6-70020e75e82c","namespace":"users","userId":"15549181","teamId":"0","lastUpdated":"2021-11-10T10:44:33.486Z"},{"partitionId":"fe071e5f-363e-499b-8e62-a69e296cb1b0","namespace":"scratchPad","userId":0,"teamId":0,"isDirty":false}]]
[39807][1636568355257][shell][info]["userPartitionService: users global meta:",{"activePartition":"00991a4a-9230-4f3f-a0a6-70020e75e82c"}]
[39807][1636568355257][shell][info]["shell~init~loadView: loading active partition"]
[39807][1636568355257][shell][info]["shell~init~loadView: loading active partition","00991a4a-9230-4f3f-a0a6-70020e75e82c"]
[39807][1636568355258][shell][info]["init~setViewAttributes - Initializing view with opts:",{"id":2,"type":"shared","startTime":1636568354986,"devtools":false,"partitionId":"00991a4a-9230-4f3f-a0a6-70020e75e82c"}]
[39807][1636568355259][shell][info]["Shell~init~setViewAttributes: passing scratchpad partition id as ","fe071e5f-363e-499b-8e62-a69e296cb1b0"]
[39807][1636568355259][shell][info]["Shell~init~setViewAttributes: do we have any logged in users? ",true]
[39807][1636568355259][shell][info]["init~setViewAttributes - Success"]
[39807][1636568356592][shell][info]["Shell~init~sendUsersDataToRenderer",["15549181"]]
[39807][1636568356882][shell][info]["EventBus~initialize - Success"]
[39807][1636568356886][shell][info]["bootShellCrashReporter~ Success"]
[39807][1636568356894][shell][info]["userPartitionService: State of v8 partition system:"]
[39807][1636568356894][shell][info]["userPartitionService: List of partitions:",[{"partitionId":"00991a4a-9230-4f3f-a0a6-70020e75e82c","namespace":"users","userId":"15549181","teamId":"0","lastUpdated":"2021-11-10T10:44:33.486Z"},{"partitionId":"fe071e5f-363e-499b-8e62-a69e296cb1b0","namespace":"scratchPad","userId":0,"teamId":0,"isDirty":false}]]
[39807][1636568356895][shell][info]["userPartitionService: users global meta:",{"activePartition":"00991a4a-9230-4f3f-a0a6-70020e75e82c"}]
[39807][1636568356895][shell][info]["shell~init~loadView: loading active partition"]
[39807][1636568356895][shell][info]["shell~init~loadView: loading active partition","00991a4a-9230-4f3f-a0a6-70020e75e82c"]
[39807][1636568356896][shell][info]["init~setViewAttributes - Initializing view with opts:",{"id":3,"type":"requester","startTime":1636568356618,"devtools":false,"primaryId":3,"allIds":[3],"partitionId":"00991a4a-9230-4f3f-a0a6-70020e75e82c"}]
[39807][1636568356896][shell][info]["Shell~init~setViewAttributes: passing scratchpad partition id as ","fe071e5f-363e-499b-8e62-a69e296cb1b0"]
[39807][1636568356896][shell][info]["Shell~init~setViewAttributes: do we have any logged in users? ",true]
[39807][1636568356897][shell][info]["init~setViewAttributes - Success"]
[39807][1636568359077][shell][info]["Shell~init~sendUsersDataToRenderer",["15549181"]]
[39807][1636568359103][shell][info]["Shell~init~sendUsersDataToRenderer",["15549181"]]
[39807][1636568360576][shell][info]["model-events~user - bootstrapUser received"]
[39807][1636568360577][shell][info]["userPartitionService~associateTransitPartition: ",{"partitionId":"00991a4a-9230-4f3f-a0a6-70020e75e82c","context":{"namespace":"users","userId":"15549181","teamId":"0"}}]
[39807][1636568360577][shell][info]["userPartitionService: State of v8 partition system:"]
[39807][1636568360577][shell][info]["userPartitionService: List of partitions:",[{"partitionId":"00991a4a-9230-4f3f-a0a6-70020e75e82c","namespace":"users","userId":"15549181","teamId":"0","lastUpdated":"2021-11-10T18:19:20.577Z"},{"partitionId":"fe071e5f-363e-499b-8e62-a69e296cb1b0","namespace":"scratchPad","userId":0,"teamId":0,"isDirty":false}]]
[39807][1636568360577][shell][info]["userPartitionService: users global meta:",{"activePartition":"00991a4a-9230-4f3f-a0a6-70020e75e82c"}]
[3160][1636650321255][shell][info]["EventBus~initialize - Success"]
[3160][1636650321262][shell][info]["bootShellCrashReporter~ Success"]
[3160][1636650321271][shell][info]["shellController~init: Success"]
[3160][1636650321271][shell][info]["shellMeta~init: Success"]
[3160][1636650321271][shell][info]["partitionMigrationService: State of V7 partition:"]
[3160][1636650321271][shell][info]["partitionMigrationService: V7 partitions",[]]
[3160][1636650321271][shell][info]["partitionMigrationService: V7 lastActiveUser",null]
[3160][1636650321272][shell][info]["partitionMigrationService: V7 activePartition",null]
[3160][1636650321272][shell][info]["partitionMigrationService: V7 isPartitionDirty",null]
[3160][1636650321272][shell][info]["partitionMigrationService~init: Success"]
[3160][1636650321272][shell][info]["partitionMigrationService~runV8PartitionsIntegrity: Two way migration~ removing the following partitions from v8",[]]
[3160][1636650321273][shell][info]["userPartitionService~getRecentV8UserPartition: recent v8 user context partition ","00991a4a-9230-4f3f-a0a6-70020e75e82c"]
[3160][1636650321273][shell][info]["userPartitionService~_rectifyTheActivePartitionOfApplication: Setting the active partition to ","00991a4a-9230-4f3f-a0a6-70020e75e82c"]
[3160][1636650321273][shell][info]["userPartitionService~init: Success"]
[3160][1636650321274][shell][info]["userPartitionService: State of v8 partition system:"]
[3160][1636650321274][shell][info]["userPartitionService: List of partitions:",[{"partitionId":"00991a4a-9230-4f3f-a0a6-70020e75e82c","namespace":"users","userId":"15549181","teamId":"0","lastUpdated":"2021-11-10T18:19:20.577Z"},{"partitionId":"fe071e5f-363e-499b-8e62-a69e296cb1b0","namespace":"scratchPad","userId":0,"teamId":0,"isDirty":false}]]
[3160][1636650321274][shell][info]["userPartitionService: users global meta:",{"activePartition":"00991a4a-9230-4f3f-a0a6-70020e75e82c"}]
[3160][1636650321274][shell][info]["shell~init~loadView: loading active partition"]
[3160][1636650321275][shell][info]["shell~init~loadView: loading active partition","00991a4a-9230-4f3f-a0a6-70020e75e82c"]
[3160][1636650321275][shell][info]["init~setViewAttributes - Initializing view with opts:",{"id":2,"type":"shared","startTime":1636650321069,"devtools":false,"partitionId":"00991a4a-9230-4f3f-a0a6-70020e75e82c"}]
[3160][1636650321276][shell][info]["Shell~init~setViewAttributes: passing scratchpad partition id as ","fe071e5f-363e-499b-8e62-a69e296cb1b0"]
[3160][1636650321276][shell][info]["Shell~init~setViewAttributes: do we have any logged in users? ",true]
[3160][1636650321277][shell][info]["init~setViewAttributes - Success"]
[3160][1636650322634][shell][info]["Shell~init~sendUsersDataToRenderer",["15549181"]]
[3160][1636650322866][shell][info]["EventBus~initialize - Success"]
[3160][1636650322871][shell][info]["bootShellCrashReporter~ Success"]
[3160][1636650322879][shell][info]["userPartitionService: State of v8 partition system:"]
[3160][1636650322880][shell][info]["userPartitionService: List of partitions:",[{"partitionId":"00991a4a-9230-4f3f-a0a6-70020e75e82c","namespace":"users","userId":"15549181","teamId":"0","lastUpdated":"2021-11-10T18:19:20.577Z"},{"partitionId":"fe071e5f-363e-499b-8e62-a69e296cb1b0","namespace":"scratchPad","userId":0,"teamId":0,"isDirty":false}]]
[3160][1636650322880][shell][info]["userPartitionService: users global meta:",{"activePartition":"00991a4a-9230-4f3f-a0a6-70020e75e82c"}]
[3160][1636650322880][shell][info]["shell~init~loadView: loading active partition"]
[3160][1636650322880][shell][info]["shell~init~loadView: loading active partition","00991a4a-9230-4f3f-a0a6-70020e75e82c"]
[3160][1636650322881][shell][info]["init~setViewAttributes - Initializing view with opts:",{"id":3,"type":"requester","startTime":1636650322658,"devtools":false,"primaryId":3,"allIds":[3],"partitionId":"00991a4a-9230-4f3f-a0a6-70020e75e82c"}]
[3160][1636650322882][shell][info]["Shell~init~setViewAttributes: passing scratchpad partition id as ","fe071e5f-363e-499b-8e62-a69e296cb1b0"]
[3160][1636650322882][shell][info]["Shell~init~setViewAttributes: do we have any logged in users? ",true]
[3160][1636650322883][shell][info]["init~setViewAttributes - Success"]
[3160][1636650325663][shell][info]["Shell~init~sendUsersDataToRenderer",["15549181"]]
[3160][1636650325700][shell][info]["Shell~init~sendUsersDataToRenderer",["15549181"]]
[3160][1636650327244][shell][info]["model-events~user - bootstrapUser received"]
[3160][1636650327245][shell][info]["userPartitionService~associateTransitPartition: ",{"partitionId":"00991a4a-9230-4f3f-a0a6-70020e75e82c","context":{"namespace":"users","userId":"15549181","teamId":"0"}}]
[3160][1636650327245][shell][info]["userPartitionService: State of v8 partition system:"]
[3160][1636650327246][shell][info]["userPartitionService: List of partitions:",[{"partitionId":"00991a4a-9230-4f3f-a0a6-70020e75e82c","namespace":"users","userId":"15549181","teamId":"0","lastUpdated":"2021-11-11T17:05:27.245Z"},{"partitionId":"fe071e5f-363e-499b-8e62-a69e296cb1b0","namespace":"scratchPad","userId":0,"teamId":0,"isDirty":false}]]
[3160][1636650327246][shell][info]["userPartitionService: users global meta:",{"activePartition":"00991a4a-9230-4f3f-a0a6-70020e75e82c"}]
[148298][1637426872141][shell][info]["EventBus~initialize - Success"]
[148298][1637426872149][shell][info]["bootShellCrashReporter~ Success"]
[148298][1637426872157][shell][info]["shellController~init: Success"]
[148298][1637426872157][shell][info]["shellMeta~init: Success"]
[148298][1637426872157][shell][info]["partitionMigrationService: State of V7 partition:"]
[148298][1637426872158][shell][info]["partitionMigrationService: V7 partitions",[]]
[148298][1637426872158][shell][info]["partitionMigrationService: V7 lastActiveUser",null]
[148298][1637426872158][shell][info]["partitionMigrationService: V7 activePartition",null]
[148298][1637426872158][shell][info]["partitionMigrationService: V7 isPartitionDirty",null]
[148298][1637426872158][shell][info]["partitionMigrationService~init: Success"]
[148298][1637426872159][shell][info]["partitionMigrationService~runV8PartitionsIntegrity: Two way migration~ removing the following partitions from v8",[]]
[148298][1637426872159][shell][info]["userPartitionService~getRecentV8UserPartition: recent v8 user context partition ","00991a4a-9230-4f3f-a0a6-70020e75e82c"]
[148298][1637426872159][shell][info]["userPartitionService~_rectifyTheActivePartitionOfApplication: Setting the active partition to ","00991a4a-9230-4f3f-a0a6-70020e75e82c"]
[148298][1637426872159][shell][info]["userPartitionService~init: Success"]
[148298][1637426872160][shell][info]["userPartitionService: State of v8 partition system:"]
[148298][1637426872160][shell][info]["userPartitionService: List of partitions:",[{"partitionId":"00991a4a-9230-4f3f-a0a6-70020e75e82c","namespace":"users","userId":"15549181","teamId":"0","lastUpdated":"2021-11-11T17:05:27.245Z"},{"partitionId":"fe071e5f-363e-499b-8e62-a69e296cb1b0","namespace":"scratchPad","userId":0,"teamId":0,"isDirty":false}]]
[148298][1637426872160][shell][info]["userPartitionService: users global meta:",{"activePartition":"00991a4a-9230-4f3f-a0a6-70020e75e82c"}]
[148298][1637426872161][shell][info]["shell~init~loadView: loading active partition"]
[148298][1637426872161][shell][info]["shell~init~loadView: loading active partition","00991a4a-9230-4f3f-a0a6-70020e75e82c"]
[148298][1637426872161][shell][info]["init~setViewAttributes - Initializing view with opts:",{"id":2,"type":"shared","startTime":1637426871945,"devtools":false,"partitionId":"00991a4a-9230-4f3f-a0a6-70020e75e82c"}]
[148298][1637426872162][shell][info]["Shell~init~setViewAttributes: passing scratchpad partition id as ","fe071e5f-363e-499b-8e62-a69e296cb1b0"]
[148298][1637426872162][shell][info]["Shell~init~setViewAttributes: do we have any logged in users? ",true]
[148298][1637426872163][shell][info]["init~setViewAttributes - Success"]
[148298][1637426873458][shell][info]["Shell~init~sendUsersDataToRenderer",["15549181"]]
[148298][1637426873773][shell][info]["EventBus~initialize - Success"]
[148298][1637426873778][shell][info]["bootShellCrashReporter~ Success"]
[148298][1637426873787][shell][info]["userPartitionService: State of v8 partition system:"]
[148298][1637426873787][shell][info]["userPartitionService: List of partitions:",[{"partitionId":"00991a4a-9230-4f3f-a0a6-70020e75e82c","namespace":"users","userId":"15549181","teamId":"0","lastUpdated":"2021-11-11T17:05:27.245Z"},{"partitionId":"fe071e5f-363e-499b-8e62-a69e296cb1b0","namespace":"scratchPad","userId":0,"teamId":0,"isDirty":false}]]
[148298][1637426873788][shell][info]["userPartitionService: users global meta:",{"activePartition":"00991a4a-9230-4f3f-a0a6-70020e75e82c"}]
[148298][1637426873788][shell][info]["shell~init~loadView: loading active partition"]
[148298][1637426873788][shell][info]["shell~init~loadView: loading active partition","00991a4a-9230-4f3f-a0a6-70020e75e82c"]
[148298][1637426873789][shell][info]["init~setViewAttributes - Initializing view with opts:",{"id":3,"type":"requester","startTime":1637426873493,"devtools":false,"primaryId":3,"allIds":[3],"partitionId":"00991a4a-9230-4f3f-a0a6-70020e75e82c"}]
[148298][1637426873790][shell][info]["Shell~init~setViewAttributes: passing scratchpad partition id as ","fe071e5f-363e-499b-8e62-a69e296cb1b0"]
[148298][1637426873790][shell][info]["Shell~init~setViewAttributes: do we have any logged in users? ",true]
[148298][1637426873790][shell][info]["init~setViewAttributes - Success"]
[148298][1637426876109][shell][info]["Shell~init~sendUsersDataToRenderer",["15549181"]]
[148298][1637426876153][shell][info]["Shell~init~sendUsersDataToRenderer",["15549181"]]
[148298][1637426877700][shell][info]["model-events~user - bootstrapUser received"]
[148298][1637426877700][shell][info]["userPartitionService~associateTransitPartition: ",{"partitionId":"00991a4a-9230-4f3f-a0a6-70020e75e82c","context":{"namespace":"users","userId":"15549181","teamId":"0"}}]
[148298][1637426877701][shell][info]["userPartitionService: State of v8 partition system:"]
[148298][1637426877701][shell][info]["userPartitionService: List of partitions:",[{"partitionId":"00991a4a-9230-4f3f-a0a6-70020e75e82c","namespace":"users","userId":"15549181","teamId":"0","lastUpdated":"2021-11-20T16:47:57.700Z"},{"partitionId":"fe071e5f-363e-499b-8e62-a69e296cb1b0","namespace":"scratchPad","userId":0,"teamId":0,"isDirty":false}]]
[148298][1637426877701][shell][info]["userPartitionService: users global meta:",{"activePartition":"00991a4a-9230-4f3f-a0a6-70020e75e82c"}]
[946468][1638554161999][shell][info]["EventBus~initialize - Success"]
[946468][1638554162006][shell][info]["bootShellCrashReporter~ Success"]
[946468][1638554162014][shell][info]["shellController~init: Success"]
[946468][1638554162014][shell][info]["shellMeta~init: Success"]
[946468][1638554162015][shell][info]["partitionMigrationService: State of V7 partition:"]
[946468][1638554162015][shell][info]["partitionMigrationService: V7 partitions",[]]
[946468][1638554162015][shell][info]["partitionMigrationService: V7 lastActiveUser",null]
[946468][1638554162015][shell][info]["partitionMigrationService: V7 activePartition",null]
[946468][1638554162015][shell][info]["partitionMigrationService: V7 isPartitionDirty",null]
[946468][1638554162016][shell][info]["partitionMigrationService~init: Success"]
[946468][1638554162016][shell][info]["partitionMigrationService~runV8PartitionsIntegrity: Two way migration~ removing the following partitions from v8",[]]
[946468][1638554162016][shell][info]["userPartitionService~getRecentV8UserPartition: recent v8 user context partition ","00991a4a-9230-4f3f-a0a6-70020e75e82c"]
[946468][1638554162016][shell][info]["userPartitionService~_rectifyTheActivePartitionOfApplication: Setting the active partition to ","00991a4a-9230-4f3f-a0a6-70020e75e82c"]
[946468][1638554162017][shell][info]["userPartitionService~init: Success"]
[946468][1638554162017][shell][info]["userPartitionService: State of v8 partition system:"]
[946468][1638554162017][shell][info]["userPartitionService: List of partitions:",[{"partitionId":"00991a4a-9230-4f3f-a0a6-70020e75e82c","namespace":"users","userId":"15549181","teamId":"0","lastUpdated":"2021-11-20T16:47:57.700Z"},{"partitionId":"fe071e5f-363e-499b-8e62-a69e296cb1b0","namespace":"scratchPad","userId":0,"teamId":0,"isDirty":false}]]
[946468][1638554162018][shell][info]["userPartitionService: users global meta:",{"activePartition":"00991a4a-9230-4f3f-a0a6-70020e75e82c"}]
[946468][1638554162018][shell][info]["shell~init~loadView: loading active partition"]
[946468][1638554162018][shell][info]["shell~init~loadView: loading active partition","00991a4a-9230-4f3f-a0a6-70020e75e82c"]
[946468][1638554162019][shell][info]["init~setViewAttributes - Initializing view with opts:",{"id":2,"type":"shared","startTime":1638554161808,"devtools":false,"partitionId":"00991a4a-9230-4f3f-a0a6-70020e75e82c"}]
[946468][1638554162019][shell][info]["Shell~init~setViewAttributes: passing scratchpad partition id as ","fe071e5f-363e-499b-8e62-a69e296cb1b0"]
[946468][1638554162019][shell][info]["Shell~init~setViewAttributes: do we have any logged in users? ",true]
[946468][1638554162020][shell][info]["init~setViewAttributes - Success"]
[946468][1638554163416][shell][info]["Shell~init~sendUsersDataToRenderer",["15549181"]]
[946468][1638554163648][shell][info]["EventBus~initialize - Success"]
[946468][1638554163654][shell][info]["bootShellCrashReporter~ Success"]
[946468][1638554163661][shell][info]["userPartitionService: State of v8 partition system:"]
[946468][1638554163662][shell][info]["userPartitionService: List of partitions:",[{"partitionId":"00991a4a-9230-4f3f-a0a6-70020e75e82c","namespace":"users","userId":"15549181","teamId":"0","lastUpdated":"2021-11-20T16:47:57.700Z"},{"partitionId":"fe071e5f-363e-499b-8e62-a69e296cb1b0","namespace":"scratchPad","userId":0,"teamId":0,"isDirty":false}]]
[946468][1638554163662][shell][info]["userPartitionService: users global meta:",{"activePartition":"00991a4a-9230-4f3f-a0a6-70020e75e82c"}]
[946468][1638554163662][shell][info]["shell~init~loadView: loading active partition"]
[946468][1638554163662][shell][info]["shell~init~loadView: loading active partition","00991a4a-9230-4f3f-a0a6-70020e75e82c"]
[946468][1638554163663][shell][info]["init~setViewAttributes - Initializing view with opts:",{"id":3,"type":"requester","startTime":1638554163444,"devtools":false,"primaryId":3,"allIds":[3],"partitionId":"00991a4a-9230-4f3f-a0a6-70020e75e82c"}]
[946468][1638554163664][shell][info]["Shell~init~setViewAttributes: passing scratchpad partition id as ","fe071e5f-363e-499b-8e62-a69e296cb1b0"]
[946468][1638554163664][shell][info]["Shell~init~setViewAttributes: do we have any logged in users? ",true]
[946468][1638554163664][shell][info]["init~setViewAttributes - Success"]
[946468][1638554165943][shell][info]["Shell~init~sendUsersDataToRenderer",["15549181"]]
[946468][1638554165969][shell][info]["Shell~init~sendUsersDataToRenderer",["15549181"]]
[946468][1638554167064][shell][info]["model-events~user - bootstrapUser received"]
[946468][1638554167065][shell][info]["userPartitionService~associateTransitPartition: ",{"partitionId":"00991a4a-9230-4f3f-a0a6-70020e75e82c","context":{"namespace":"users","userId":"15549181","teamId":"0"}}]
[946468][1638554167065][shell][info]["userPartitionService: State of v8 partition system:"]
[946468][1638554167065][shell][info]["userPartitionService: List of partitions:",[{"partitionId":"00991a4a-9230-4f3f-a0a6-70020e75e82c","namespace":"users","userId":"15549181","teamId":"0","lastUpdated":"2021-12-03T17:56:07.065Z"},{"partitionId":"fe071e5f-363e-499b-8e62-a69e296cb1b0","namespace":"scratchPad","userId":0,"teamId":0,"isDirty":false}]]
[946468][1638554167066][shell][info]["userPartitionService: users global meta:",{"activePartition":"00991a4a-9230-4f3f-a0a6-70020e75e82c"}]
[30061][1639279151713][shell][info]["EventBus~initialize - Success"]
[30061][1639279151721][shell][info]["bootShellCrashReporter~ Success"]
[30061][1639279151729][shell][info]["shellController~init: Success"]
[30061][1639279151729][shell][info]["shellMeta~init: Success"]
[30061][1639279151730][shell][info]["partitionMigrationService: State of V7 partition:"]
[30061][1639279151730][shell][info]["partitionMigrationService: V7 partitions",[]]
[30061][1639279151730][shell][info]["partitionMigrationService: V7 lastActiveUser",null]
[30061][1639279151730][shell][info]["partitionMigrationService: V7 activePartition",null]
[30061][1639279151730][shell][info]["partitionMigrationService: V7 isPartitionDirty",null]
[30061][1639279151731][shell][info]["partitionMigrationService~init: Success"]
[30061][1639279151731][shell][info]["partitionMigrationService~runV8PartitionsIntegrity: Two way migration~ removing the following partitions from v8",[]]
[30061][1639279151731][shell][info]["userPartitionService~getRecentV8UserPartition: recent v8 user context partition ","00991a4a-9230-4f3f-a0a6-70020e75e82c"]
[30061][1639279151731][shell][info]["userPartitionService~_rectifyTheActivePartitionOfApplication: Setting the active partition to ","00991a4a-9230-4f3f-a0a6-70020e75e82c"]
[30061][1639279151732][shell][info]["userPartitionService~init: Success"]
[30061][1639279151732][shell][info]["userPartitionService: State of v8 partition system:"]
[30061][1639279151732][shell][info]["userPartitionService: List of partitions:",[{"partitionId":"00991a4a-9230-4f3f-a0a6-70020e75e82c","namespace":"users","userId":"15549181","teamId":"0","lastUpdated":"2021-12-03T17:56:07.065Z"},{"partitionId":"fe071e5f-363e-499b-8e62-a69e296cb1b0","namespace":"scratchPad","userId":0,"teamId":0,"isDirty":false}]]
[30061][1639279151733][shell][info]["userPartitionService: users global meta:",{"activePartition":"00991a4a-9230-4f3f-a0a6-70020e75e82c"}]
[30061][1639279151733][shell][info]["shell~init~loadView: loading active partition"]
[30061][1639279151733][shell][info]["shell~init~loadView: loading active partition","00991a4a-9230-4f3f-a0a6-70020e75e82c"]
[30061][1639279151734][shell][info]["init~setViewAttributes - Initializing view with opts:",{"id":2,"type":"shared","startTime":1639279151505,"devtools":false,"partitionId":"00991a4a-9230-4f3f-a0a6-70020e75e82c"}]
[30061][1639279151734][shell][info]["Shell~init~setViewAttributes: passing scratchpad partition id as ","fe071e5f-363e-499b-8e62-a69e296cb1b0"]
[30061][1639279151734][shell][info]["Shell~init~setViewAttributes: do we have any logged in users? ",true]
[30061][1639279151735][shell][info]["init~setViewAttributes - Success"]
[30061][1639279153113][shell][info]["Shell~init~sendUsersDataToRenderer",["15549181"]]
[30061][1639279153329][shell][info]["EventBus~initialize - Success"]
[30061][1639279153334][shell][info]["bootShellCrashReporter~ Success"]
[30061][1639279153341][shell][info]["userPartitionService: State of v8 partition system:"]
[30061][1639279153341][shell][info]["userPartitionService: List of partitions:",[{"partitionId":"00991a4a-9230-4f3f-a0a6-70020e75e82c","namespace":"users","userId":"15549181","teamId":"0","lastUpdated":"2021-12-03T17:56:07.065Z"},{"partitionId":"fe071e5f-363e-499b-8e62-a69e296cb1b0","namespace":"scratchPad","userId":0,"teamId":0,"isDirty":false}]]
[30061][1639279153342][shell][info]["userPartitionService: users global meta:",{"activePartition":"00991a4a-9230-4f3f-a0a6-70020e75e82c"}]
[30061][1639279153342][shell][info]["shell~init~loadView: loading active partition"]
[30061][1639279153342][shell][info]["shell~init~loadView: loading active partition","00991a4a-9230-4f3f-a0a6-70020e75e82c"]
[30061][1639279153343][shell][info]["init~setViewAttributes - Initializing view with opts:",{"id":3,"type":"requester","startTime":1639279153133,"devtools":false,"primaryId":3,"allIds":[3],"partitionId":"00991a4a-9230-4f3f-a0a6-70020e75e82c"}]
[30061][1639279153343][shell][info]["Shell~init~setViewAttributes: passing scratchpad partition id as ","fe071e5f-363e-499b-8e62-a69e296cb1b0"]
[30061][1639279153344][shell][info]["Shell~init~setViewAttributes: do we have any logged in users? ",true]
[30061][1639279153344][shell][info]["init~setViewAttributes - Success"]
[30061][1639279155638][shell][info]["Shell~init~sendUsersDataToRenderer",["15549181"]]
[30061][1639279155664][shell][info]["Shell~init~sendUsersDataToRenderer",["15549181"]]
[30061][1639279157163][shell][info]["model-events~user - bootstrapUser received"]
[30061][1639279157164][shell][info]["userPartitionService~associateTransitPartition: ",{"partitionId":"00991a4a-9230-4f3f-a0a6-70020e75e82c","context":{"namespace":"users","userId":"15549181","teamId":"0"}}]
[30061][1639279157164][shell][info]["userPartitionService: State of v8 partition system:"]
[30061][1639279157164][shell][info]["userPartitionService: List of partitions:",[{"partitionId":"00991a4a-9230-4f3f-a0a6-70020e75e82c","namespace":"users","userId":"15549181","teamId":"0","lastUpdated":"2021-12-12T03:19:17.164Z"},{"partitionId":"fe071e5f-363e-499b-8e62-a69e296cb1b0","namespace":"scratchPad","userId":0,"teamId":0,"isDirty":false}]]
[30061][1639279157164][shell][info]["userPartitionService: users global meta:",{"activePartition":"00991a4a-9230-4f3f-a0a6-70020e75e82c"}]
[5696][1639586308834][shell][info]["EventBus~initialize - Success"]
[5696][1639586308841][shell][info]["bootShellCrashReporter~ Success"]
[5696][1639586308850][shell][info]["shellController~init: Success"]
[5696][1639586308850][shell][info]["shellMeta~init: Success"]
[5696][1639586308850][shell][info]["partitionMigrationService: State of V7 partition:"]
[5696][1639586308850][shell][info]["partitionMigrationService: V7 partitions",[]]
[5696][1639586308851][shell][info]["partitionMigrationService: V7 lastActiveUser",null]
[5696][1639586308851][shell][info]["partitionMigrationService: V7 activePartition",null]
[5696][1639586308851][shell][info]["partitionMigrationService: V7 isPartitionDirty",null]
[5696][1639586308851][shell][info]["partitionMigrationService~init: Success"]
[5696][1639586308851][shell][info]["partitionMigrationService~runV8PartitionsIntegrity: Two way migration~ removing the following partitions from v8",[]]
[5696][1639586308852][shell][info]["userPartitionService~getRecentV8UserPartition: recent v8 user context partition ","00991a4a-9230-4f3f-a0a6-70020e75e82c"]
[5696][1639586308852][shell][info]["userPartitionService~_rectifyTheActivePartitionOfApplication: Setting the active partition to ","00991a4a-9230-4f3f-a0a6-70020e75e82c"]
[5696][1639586308852][shell][info]["userPartitionService~init: Success"]
[5696][1639586308853][shell][info]["userPartitionService: State of v8 partition system:"]
[5696][1639586308853][shell][info]["userPartitionService: List of partitions:",[{"partitionId":"00991a4a-9230-4f3f-a0a6-70020e75e82c","namespace":"users","userId":"15549181","teamId":"0","lastUpdated":"2021-12-12T03:19:17.164Z"},{"partitionId":"fe071e5f-363e-499b-8e62-a69e296cb1b0","namespace":"scratchPad","userId":0,"teamId":0,"isDirty":false}]]
[5696][1639586308853][shell][info]["userPartitionService: users global meta:",{"activePartition":"00991a4a-9230-4f3f-a0a6-70020e75e82c"}]
[5696][1639586308854][shell][info]["shell~init~loadView: loading active partition"]
[5696][1639586308854][shell][info]["shell~init~loadView: loading active partition","00991a4a-9230-4f3f-a0a6-70020e75e82c"]
[5696][1639586308854][shell][info]["init~setViewAttributes - Initializing view with opts:",{"id":2,"type":"shared","startTime":1639586308657,"devtools":false,"partitionId":"00991a4a-9230-4f3f-a0a6-70020e75e82c"}]
[5696][1639586308855][shell][info]["Shell~init~setViewAttributes: passing scratchpad partition id as ","fe071e5f-363e-499b-8e62-a69e296cb1b0"]
[5696][1639586308855][shell][info]["Shell~init~setViewAttributes: do we have any logged in users? ",true]
[5696][1639586308855][shell][info]["init~setViewAttributes - Success"]
[5696][1639586310202][shell][info]["Shell~init~sendUsersDataToRenderer",["15549181"]]
[5696][1639586310414][shell][info]["EventBus~initialize - Success"]
[5696][1639586310419][shell][info]["bootShellCrashReporter~ Success"]
[5696][1639586310426][shell][info]["userPartitionService: State of v8 partition system:"]
[5696][1639586310427][shell][info]["userPartitionService: List of partitions:",[{"partitionId":"00991a4a-9230-4f3f-a0a6-70020e75e82c","namespace":"users","userId":"15549181","teamId":"0","lastUpdated":"2021-12-12T03:19:17.164Z"},{"partitionId":"fe071e5f-363e-499b-8e62-a69e296cb1b0","namespace":"scratchPad","userId":0,"teamId":0,"isDirty":false}]]
[5696][1639586310427][shell][info]["userPartitionService: users global meta:",{"activePartition":"00991a4a-9230-4f3f-a0a6-70020e75e82c"}]
[5696][1639586310427][shell][info]["shell~init~loadView: loading active partition"]
[5696][1639586310428][shell][info]["shell~init~loadView: loading active partition","00991a4a-9230-4f3f-a0a6-70020e75e82c"]
[5696][1639586310428][shell][info]["init~setViewAttributes - Initializing view with opts:",{"id":3,"type":"requester","startTime":1639586310231,"devtools":false,"primaryId":3,"allIds":[3],"partitionId":"00991a4a-9230-4f3f-a0a6-70020e75e82c"}]
[5696][1639586310429][shell][info]["Shell~init~setViewAttributes: passing scratchpad partition id as ","fe071e5f-363e-499b-8e62-a69e296cb1b0"]
[5696][1639586310429][shell][info]["Shell~init~setViewAttributes: do we have any logged in users? ",true]
[5696][1639586310430][shell][info]["init~setViewAttributes - Success"]
[5696][1639586312689][shell][info]["Shell~init~sendUsersDataToRenderer",["15549181"]]
[5696][1639586312714][shell][info]["Shell~init~sendUsersDataToRenderer",["15549181"]]
[5696][1639586314272][shell][info]["model-events~user - bootstrapUser received"]
[5696][1639586314273][shell][info]["userPartitionService~associateTransitPartition: ",{"partitionId":"00991a4a-9230-4f3f-a0a6-70020e75e82c","context":{"namespace":"users","userId":"15549181","teamId":"0"}}]
[5696][1639586314273][shell][info]["userPartitionService: State of v8 partition system:"]
[5696][1639586314273][shell][info]["userPartitionService: List of partitions:",[{"partitionId":"00991a4a-9230-4f3f-a0a6-70020e75e82c","namespace":"users","userId":"15549181","teamId":"0","lastUpdated":"2021-12-15T16:38:34.273Z"},{"partitionId":"fe071e5f-363e-499b-8e62-a69e296cb1b0","namespace":"scratchPad","userId":0,"teamId":0,"isDirty":false}]]
[5696][1639586314273][shell][info]["userPartitionService: users global meta:",{"activePartition":"00991a4a-9230-4f3f-a0a6-70020e75e82c"}]
[4458][1639751357507][shell][info]["EventBus~initialize - Success"]
[4458][1639751357516][shell][info]["bootShellCrashReporter~ Success"]
[4458][1639751357527][shell][info]["shellController~init: Success"]
[4458][1639751357528][shell][info]["shellMeta~init: Success"]
[4458][1639751357528][shell][info]["partitionMigrationService: State of V7 partition:"]
[4458][1639751357528][shell][info]["partitionMigrationService: V7 partitions",[]]
[4458][1639751357528][shell][info]["partitionMigrationService: V7 lastActiveUser",null]
[4458][1639751357528][shell][info]["partitionMigrationService: V7 activePartition",null]
[4458][1639751357529][shell][info]["partitionMigrationService: V7 isPartitionDirty",null]
[4458][1639751357529][shell][info]["partitionMigrationService~init: Success"]
[4458][1639751357529][shell][info]["partitionMigrationService~runV8PartitionsIntegrity: Two way migration~ removing the following partitions from v8",[]]
[4458][1639751357530][shell][info]["userPartitionService~getRecentV8UserPartition: recent v8 user context partition ","00991a4a-9230-4f3f-a0a6-70020e75e82c"]
[4458][1639751357530][shell][info]["userPartitionService~_rectifyTheActivePartitionOfApplication: Setting the active partition to ","00991a4a-9230-4f3f-a0a6-70020e75e82c"]
[4458][1639751357530][shell][info]["userPartitionService~init: Success"]
[4458][1639751357531][shell][info]["userPartitionService: State of v8 partition system:"]
[4458][1639751357531][shell][info]["userPartitionService: List of partitions:",[{"partitionId":"00991a4a-9230-4f3f-a0a6-70020e75e82c","namespace":"users","userId":"15549181","teamId":"0","lastUpdated":"2021-12-15T16:38:34.273Z"},{"partitionId":"fe071e5f-363e-499b-8e62-a69e296cb1b0","namespace":"scratchPad","userId":0,"teamId":0,"isDirty":false}]]
[4458][1639751357531][shell][info]["userPartitionService: users global meta:",{"activePartition":"00991a4a-9230-4f3f-a0a6-70020e75e82c"}]
[4458][1639751357532][shell][info]["shell~init~loadView: loading active partition"]
[4458][1639751357532][shell][info]["shell~init~loadView: loading active partition","00991a4a-9230-4f3f-a0a6-70020e75e82c"]
[4458][1639751357532][shell][info]["init~setViewAttributes - Initializing view with opts:",{"id":2,"type":"shared","startTime":1639751357240,"devtools":false,"partitionId":"00991a4a-9230-4f3f-a0a6-70020e75e82c"}]
[4458][1639751357533][shell][info]["Shell~init~setViewAttributes: passing scratchpad partition id as ","fe071e5f-363e-499b-8e62-a69e296cb1b0"]
[4458][1639751357533][shell][info]["Shell~init~setViewAttributes: do we have any logged in users? ",true]
[4458][1639751357534][shell][info]["init~setViewAttributes - Success"]
[4458][1639751359086][shell][info]["Shell~init~sendUsersDataToRenderer",["15549181"]]
[4458][1639751359308][shell][info]["EventBus~initialize - Success"]
[4458][1639751359313][shell][info]["bootShellCrashReporter~ Success"]
[4458][1639751359322][shell][info]["userPartitionService: State of v8 partition system:"]
[4458][1639751359323][shell][info]["userPartitionService: List of partitions:",[{"partitionId":"00991a4a-9230-4f3f-a0a6-70020e75e82c","namespace":"users","userId":"15549181","teamId":"0","lastUpdated":"2021-12-15T16:38:34.273Z"},{"partitionId":"fe071e5f-363e-499b-8e62-a69e296cb1b0","namespace":"scratchPad","userId":0,"teamId":0,"isDirty":false}]]
[4458][1639751359323][shell][info]["userPartitionService: users global meta:",{"activePartition":"00991a4a-9230-4f3f-a0a6-70020e75e82c"}]
[4458][1639751359323][shell][info]["shell~init~loadView: loading active partition"]
[4458][1639751359323][shell][info]["shell~init~loadView: loading active partition","00991a4a-9230-4f3f-a0a6-70020e75e82c"]
[4458][1639751359324][shell][info]["init~setViewAttributes - Initializing view with opts:",{"id":3,"type":"requester","startTime":1639751359108,"devtools":false,"primaryId":3,"allIds":[3],"partitionId":"00991a4a-9230-4f3f-a0a6-70020e75e82c"}]
[4458][1639751359325][shell][info]["Shell~init~setViewAttributes: passing scratchpad partition id as ","fe071e5f-363e-499b-8e62-a69e296cb1b0"]
[4458][1639751359325][shell][info]["Shell~init~setViewAttributes: do we have any logged in users? ",true]
[4458][1639751359326][shell][info]["init~setViewAttributes - Success"]
[4458][1639751362509][shell][info]["Shell~init~sendUsersDataToRenderer",["15549181"]]
[4458][1639751362537][shell][info]["Shell~init~sendUsersDataToRenderer",["15549181"]]
[4458][1639751364275][shell][info]["model-events~user - bootstrapUser received"]
[4458][1639751364276][shell][info]["userPartitionService~associateTransitPartition: ",{"partitionId":"00991a4a-9230-4f3f-a0a6-70020e75e82c","context":{"namespace":"users","userId":"15549181","teamId":"0"}}]
[4458][1639751364277][shell][info]["userPartitionService: State of v8 partition system:"]
[4458][1639751364277][shell][info]["userPartitionService: List of partitions:",[{"partitionId":"00991a4a-9230-4f3f-a0a6-70020e75e82c","namespace":"users","userId":"15549181","teamId":"0","lastUpdated":"2021-12-17T14:29:24.276Z"},{"partitionId":"fe071e5f-363e-499b-8e62-a69e296cb1b0","namespace":"scratchPad","userId":0,"teamId":0,"isDirty":false}]]
[4458][1639751364277][shell][info]["userPartitionService: users global meta:",{"activePartition":"00991a4a-9230-4f3f-a0a6-70020e75e82c"}]
[5486][1639805935163][shell][info]["EventBus~initialize - Success"]
[5486][1639805935171][shell][info]["bootShellCrashReporter~ Success"]
[5486][1639805935179][shell][info]["shellController~init: Success"]
[5486][1639805935180][shell][info]["shellMeta~init: Success"]
[5486][1639805935180][shell][info]["partitionMigrationService: State of V7 partition:"]
[5486][1639805935180][shell][info]["partitionMigrationService: V7 partitions",[]]
[5486][1639805935180][shell][info]["partitionMigrationService: V7 lastActiveUser",null]
[5486][1639805935180][shell][info]["partitionMigrationService: V7 activePartition",null]
[5486][1639805935180][shell][info]["partitionMigrationService: V7 isPartitionDirty",null]
[5486][1639805935181][shell][info]["partitionMigrationService~init: Success"]
[5486][1639805935181][shell][info]["partitionMigrationService~runV8PartitionsIntegrity: Two way migration~ removing the following partitions from v8",[]]
[5486][1639805935181][shell][info]["userPartitionService~getRecentV8UserPartition: recent v8 user context partition ","00991a4a-9230-4f3f-a0a6-70020e75e82c"]
[5486][1639805935181][shell][info]["userPartitionService~_rectifyTheActivePartitionOfApplication: Setting the active partition to ","00991a4a-9230-4f3f-a0a6-70020e75e82c"]
[5486][1639805935182][shell][info]["userPartitionService~init: Success"]
[5486][1639805935182][shell][info]["userPartitionService: State of v8 partition system:"]
[5486][1639805935182][shell][info]["userPartitionService: List of partitions:",[{"partitionId":"00991a4a-9230-4f3f-a0a6-70020e75e82c","namespace":"users","userId":"15549181","teamId":"0","lastUpdated":"2021-12-17T14:29:24.276Z"},{"partitionId":"fe071e5f-363e-499b-8e62-a69e296cb1b0","namespace":"scratchPad","userId":0,"teamId":0,"isDirty":false}]]
[5486][1639805935183][shell][info]["userPartitionService: users global meta:",{"activePartition":"00991a4a-9230-4f3f-a0a6-70020e75e82c"}]
[5486][1639805935183][shell][info]["shell~init~loadView: loading active partition"]
[5486][1639805935183][shell][info]["shell~init~loadView: loading active partition","00991a4a-9230-4f3f-a0a6-70020e75e82c"]
[5486][1639805935184][shell][info]["init~setViewAttributes - Initializing view with opts:",{"id":2,"type":"shared","startTime":1639805934959,"devtools":false,"partitionId":"00991a4a-9230-4f3f-a0a6-70020e75e82c"}]
[5486][1639805935185][shell][info]["Shell~init~setViewAttributes: passing scratchpad partition id as ","fe071e5f-363e-499b-8e62-a69e296cb1b0"]
[5486][1639805935185][shell][info]["Shell~init~setViewAttributes: do we have any logged in users? ",true]
[5486][1639805935185][shell][info]["init~setViewAttributes - Success"]
[5486][1639805936598][shell][info]["Shell~init~sendUsersDataToRenderer",["15549181"]]
[5486][1639805936826][shell][info]["EventBus~initialize - Success"]
[5486][1639805936832][shell][info]["bootShellCrashReporter~ Success"]
[5486][1639805936840][shell][info]["userPartitionService: State of v8 partition system:"]
[5486][1639805936841][shell][info]["userPartitionService: List of partitions:",[{"partitionId":"00991a4a-9230-4f3f-a0a6-70020e75e82c","namespace":"users","userId":"15549181","teamId":"0","lastUpdated":"2021-12-17T14:29:24.276Z"},{"partitionId":"fe071e5f-363e-499b-8e62-a69e296cb1b0","namespace":"scratchPad","userId":0,"teamId":0,"isDirty":false}]]
[5486][1639805936841][shell][info]["userPartitionService: users global meta:",{"activePartition":"00991a4a-9230-4f3f-a0a6-70020e75e82c"}]
[5486][1639805936841][shell][info]["shell~init~loadView: loading active partition"]
[5486][1639805936841][shell][info]["shell~init~loadView: loading active partition","00991a4a-9230-4f3f-a0a6-70020e75e82c"]
[5486][1639805936842][shell][info]["init~setViewAttributes - Initializing view with opts:",{"id":3,"type":"requester","startTime":1639805936619,"devtools":false,"primaryId":3,"allIds":[3],"partitionId":"00991a4a-9230-4f3f-a0a6-70020e75e82c"}]
[5486][1639805936842][shell][info]["Shell~init~setViewAttributes: passing scratchpad partition id as ","fe071e5f-363e-499b-8e62-a69e296cb1b0"]
[5486][1639805936843][shell][info]["Shell~init~setViewAttributes: do we have any logged in users? ",true]
[5486][1639805936843][shell][info]["init~setViewAttributes - Success"]
[5486][1639805939266][shell][info]["Shell~init~sendUsersDataToRenderer",["15549181"]]
[5486][1639805939296][shell][info]["Shell~init~sendUsersDataToRenderer",["15549181"]]
[5486][1639805940313][shell][info]["model-events~user - bootstrapUser received"]
[5486][1639805940314][shell][info]["userPartitionService~associateTransitPartition: ",{"partitionId":"00991a4a-9230-4f3f-a0a6-70020e75e82c","context":{"namespace":"users","userId":"15549181","teamId":"0"}}]
[5486][1639805940315][shell][info]["userPartitionService: State of v8 partition system:"]
[5486][1639805940315][shell][info]["userPartitionService: List of partitions:",[{"partitionId":"00991a4a-9230-4f3f-a0a6-70020e75e82c","namespace":"users","userId":"15549181","teamId":"0","lastUpdated":"2021-12-18T05:39:00.314Z"},{"partitionId":"fe071e5f-363e-499b-8e62-a69e296cb1b0","namespace":"scratchPad","userId":0,"teamId":0,"isDirty":false}]]
[5486][1639805940315][shell][info]["userPartitionService: users global meta:",{"activePartition":"00991a4a-9230-4f3f-a0a6-70020e75e82c"}]
[3671][1639813257789][shell][info]["EventBus~initialize - Success"]
[3671][1639813257796][shell][info]["bootShellCrashReporter~ Success"]
[3671][1639813257805][shell][info]["shellController~init: Success"]
[3671][1639813257806][shell][info]["shellMeta~init: Success"]
[3671][1639813257806][shell][info]["partitionMigrationService: State of V7 partition:"]
[3671][1639813257806][shell][info]["partitionMigrationService: V7 partitions",[]]
[3671][1639813257806][shell][info]["partitionMigrationService: V7 lastActiveUser",null]
[3671][1639813257806][shell][info]["partitionMigrationService: V7 activePartition",null]
[3671][1639813257806][shell][info]["partitionMigrationService: V7 isPartitionDirty",null]
[3671][1639813257807][shell][info]["partitionMigrationService~init: Success"]
[3671][1639813257807][shell][info]["partitionMigrationService~runV8PartitionsIntegrity: Two way migration~ removing the following partitions from v8",[]]
[3671][1639813257808][shell][info]["userPartitionService~getRecentV8UserPartition: recent v8 user context partition ","00991a4a-9230-4f3f-a0a6-70020e75e82c"]
[3671][1639813257808][shell][info]["userPartitionService~_rectifyTheActivePartitionOfApplication: Setting the active partition to ","00991a4a-9230-4f3f-a0a6-70020e75e82c"]
[3671][1639813257808][shell][info]["userPartitionService~init: Success"]
[3671][1639813257808][shell][info]["userPartitionService: State of v8 partition system:"]
[3671][1639813257809][shell][info]["userPartitionService: List of partitions:",[{"partitionId":"00991a4a-9230-4f3f-a0a6-70020e75e82c","namespace":"users","userId":"15549181","teamId":"0","lastUpdated":"2021-12-18T05:39:00.314Z"},{"partitionId":"fe071e5f-363e-499b-8e62-a69e296cb1b0","namespace":"scratchPad","userId":0,"teamId":0,"isDirty":false}]]
[3671][1639813257809][shell][info]["userPartitionService: users global meta:",{"activePartition":"00991a4a-9230-4f3f-a0a6-70020e75e82c"}]
[3671][1639813257809][shell][info]["shell~init~loadView: loading active partition"]
[3671][1639813257809][shell][info]["shell~init~loadView: loading active partition","00991a4a-9230-4f3f-a0a6-70020e75e82c"]
[3671][1639813257810][shell][info]["init~setViewAttributes - Initializing view with opts:",{"id":2,"type":"shared","startTime":1639813257569,"devtools":false,"partitionId":"00991a4a-9230-4f3f-a0a6-70020e75e82c"}]
[3671][1639813257811][shell][info]["Shell~init~setViewAttributes: passing scratchpad partition id as ","fe071e5f-363e-499b-8e62-a69e296cb1b0"]
[3671][1639813257811][shell][info]["Shell~init~setViewAttributes: do we have any logged in users? ",true]
[3671][1639813257811][shell][info]["init~setViewAttributes - Success"]
[3671][1639813259190][shell][info]["Shell~init~sendUsersDataToRenderer",["15549181"]]
[3671][1639813259435][shell][info]["EventBus~initialize - Success"]
[3671][1639813259440][shell][info]["bootShellCrashReporter~ Success"]
[3671][1639813259448][shell][info]["userPartitionService: State of v8 partition system:"]
[3671][1639813259448][shell][info]["userPartitionService: List of partitions:",[{"partitionId":"00991a4a-9230-4f3f-a0a6-70020e75e82c","namespace":"users","userId":"15549181","teamId":"0","lastUpdated":"2021-12-18T05:39:00.314Z"},{"partitionId":"fe071e5f-363e-499b-8e62-a69e296cb1b0","namespace":"scratchPad","userId":0,"teamId":0,"isDirty":false}]]
[3671][1639813259449][shell][info]["userPartitionService: users global meta:",{"activePartition":"00991a4a-9230-4f3f-a0a6-70020e75e82c"}]
[3671][1639813259449][shell][info]["shell~init~loadView: loading active partition"]
[3671][1639813259449][shell][info]["shell~init~loadView: loading active partition","00991a4a-9230-4f3f-a0a6-70020e75e82c"]
[3671][1639813259450][shell][info]["init~setViewAttributes - Initializing view with opts:",{"id":3,"type":"requester","startTime":1639813259221,"devtools":false,"primaryId":3,"allIds":[3],"partitionId":"00991a4a-9230-4f3f-a0a6-70020e75e82c"}]
[3671][1639813259450][shell][info]["Shell~init~setViewAttributes: passing scratchpad partition id as ","fe071e5f-363e-499b-8e62-a69e296cb1b0"]
[3671][1639813259450][shell][info]["Shell~init~setViewAttributes: do we have any logged in users? ",true]
[3671][1639813259451][shell][info]["init~setViewAttributes - Success"]
[3671][1639813261786][shell][info]["Shell~init~sendUsersDataToRenderer",["15549181"]]
[3671][1639813261818][shell][info]["Shell~init~sendUsersDataToRenderer",["15549181"]]
[3671][1639813262778][shell][info]["model-events~user - bootstrapUser received"]
[3671][1639813262779][shell][info]["userPartitionService~associateTransitPartition: ",{"partitionId":"00991a4a-9230-4f3f-a0a6-70020e75e82c","context":{"namespace":"users","userId":"15549181","teamId":"0"}}]
[3671][1639813262779][shell][info]["userPartitionService: State of v8 partition system:"]
[3671][1639813262779][shell][info]["userPartitionService: List of partitions:",[{"partitionId":"00991a4a-9230-4f3f-a0a6-70020e75e82c","namespace":"users","userId":"15549181","teamId":"0","lastUpdated":"2021-12-18T07:41:02.779Z"},{"partitionId":"fe071e5f-363e-499b-8e62-a69e296cb1b0","namespace":"scratchPad","userId":0,"teamId":0,"isDirty":false}]]
[3671][1639813262779][shell][info]["userPartitionService: users global meta:",{"activePartition":"00991a4a-9230-4f3f-a0a6-70020e75e82c"}]
[27215][1639938091076][shell][info]["EventBus~initialize - Success"]
[27215][1639938091083][shell][info]["bootShellCrashReporter~ Success"]
[27215][1639938091093][shell][info]["shellController~init: Success"]
[27215][1639938091093][shell][info]["shellMeta~init: Success"]
[27215][1639938091093][shell][info]["partitionMigrationService: State of V7 partition:"]
[27215][1639938091093][shell][info]["partitionMigrationService: V7 partitions",[]]
[27215][1639938091093][shell][info]["partitionMigrationService: V7 lastActiveUser",null]
[27215][1639938091093][shell][info]["partitionMigrationService: V7 activePartition",null]
[27215][1639938091094][shell][info]["partitionMigrationService: V7 isPartitionDirty",null]
[27215][1639938091094][shell][info]["partitionMigrationService~init: Success"]
[27215][1639938091094][shell][info]["partitionMigrationService~runV8PartitionsIntegrity: Two way migration~ removing the following partitions from v8",[]]
[27215][1639938091095][shell][info]["userPartitionService~getRecentV8UserPartition: recent v8 user context partition ","00991a4a-9230-4f3f-a0a6-70020e75e82c"]
[27215][1639938091095][shell][info]["userPartitionService~_rectifyTheActivePartitionOfApplication: Setting the active partition to ","00991a4a-9230-4f3f-a0a6-70020e75e82c"]
[27215][1639938091095][shell][info]["userPartitionService~init: Success"]
[27215][1639938091096][shell][info]["userPartitionService: State of v8 partition system:"]
[27215][1639938091096][shell][info]["userPartitionService: List of partitions:",[{"partitionId":"00991a4a-9230-4f3f-a0a6-70020e75e82c","namespace":"users","userId":"15549181","teamId":"0","lastUpdated":"2021-12-18T07:41:02.779Z"},{"partitionId":"fe071e5f-363e-499b-8e62-a69e296cb1b0","namespace":"scratchPad","userId":0,"teamId":0,"isDirty":false}]]
[27215][1639938091096][shell][info]["userPartitionService: users global meta:",{"activePartition":"00991a4a-9230-4f3f-a0a6-70020e75e82c"}]
[27215][1639938091096][shell][info]["shell~init~loadView: loading active partition"]
[27215][1639938091097][shell][info]["shell~init~loadView: loading active partition","00991a4a-9230-4f3f-a0a6-70020e75e82c"]
[27215][1639938091098][shell][info]["init~setViewAttributes - Initializing view with opts:",{"id":2,"type":"shared","startTime":1639938090869,"devtools":false,"partitionId":"00991a4a-9230-4f3f-a0a6-70020e75e82c"}]
[27215][1639938091098][shell][info]["Shell~init~setViewAttributes: passing scratchpad partition id as ","fe071e5f-363e-499b-8e62-a69e296cb1b0"]
[27215][1639938091098][shell][info]["Shell~init~setViewAttributes: do we have any logged in users? ",true]
[27215][1639938091099][shell][info]["init~setViewAttributes - Success"]
[27215][1639938092639][shell][info]["Shell~init~sendUsersDataToRenderer",["15549181"]]
[27215][1639938092848][shell][info]["EventBus~initialize - Success"]
[27215][1639938092852][shell][info]["bootShellCrashReporter~ Success"]
[27215][1639938092860][shell][info]["userPartitionService: State of v8 partition system:"]
[27215][1639938092861][shell][info]["userPartitionService: List of partitions:",[{"partitionId":"00991a4a-9230-4f3f-a0a6-70020e75e82c","namespace":"users","userId":"15549181","teamId":"0","lastUpdated":"2021-12-18T07:41:02.779Z"},{"partitionId":"fe071e5f-363e-499b-8e62-a69e296cb1b0","namespace":"scratchPad","userId":0,"teamId":0,"isDirty":false}]]
[27215][1639938092861][shell][info]["userPartitionService: users global meta:",{"activePartition":"00991a4a-9230-4f3f-a0a6-70020e75e82c"}]
[27215][1639938092861][shell][info]["shell~init~loadView: loading active partition"]
[27215][1639938092862][shell][info]["shell~init~loadView: loading active partition","00991a4a-9230-4f3f-a0a6-70020e75e82c"]
[27215][1639938092862][shell][info]["init~setViewAttributes - Initializing view with opts:",{"id":3,"type":"requester","startTime":1639938092655,"devtools":false,"primaryId":3,"allIds":[3],"partitionId":"00991a4a-9230-4f3f-a0a6-70020e75e82c"}]
[27215][1639938092863][shell][info]["Shell~init~setViewAttributes: passing scratchpad partition id as ","fe071e5f-363e-499b-8e62-a69e296cb1b0"]
[27215][1639938092863][shell][info]["Shell~init~setViewAttributes: do we have any logged in users? ",true]
[27215][1639938092863][shell][info]["init~setViewAttributes - Success"]
[27215][1639938095233][shell][info]["Shell~init~sendUsersDataToRenderer",["15549181"]]
[27215][1639938095261][shell][info]["Shell~init~sendUsersDataToRenderer",["15549181"]]
[27215][1639938096360][shell][info]["model-events~user - bootstrapUser received"]
[27215][1639938096361][shell][info]["userPartitionService~associateTransitPartition: ",{"partitionId":"00991a4a-9230-4f3f-a0a6-70020e75e82c","context":{"namespace":"users","userId":"15549181","teamId":"0"}}]
[27215][1639938096361][shell][info]["userPartitionService: State of v8 partition system:"]
[27215][1639938096361][shell][info]["userPartitionService: List of partitions:",[{"partitionId":"00991a4a-9230-4f3f-a0a6-70020e75e82c","namespace":"users","userId":"15549181","teamId":"0","lastUpdated":"2021-12-19T18:21:36.361Z"},{"partitionId":"fe071e5f-363e-499b-8e62-a69e296cb1b0","namespace":"scratchPad","userId":0,"teamId":0,"isDirty":false}]]
[27215][1639938096361][shell][info]["userPartitionService: users global meta:",{"activePartition":"00991a4a-9230-4f3f-a0a6-70020e75e82c"}]
[12859][1639990388050][shell][info]["EventBus~initialize - Success"]
[12859][1639990388057][shell][info]["bootShellCrashReporter~ Success"]
[12859][1639990388066][shell][info]["shellController~init: Success"]
[12859][1639990388067][shell][info]["shellMeta~init: Success"]
[12859][1639990388067][shell][info]["partitionMigrationService: State of V7 partition:"]
[12859][1639990388067][shell][info]["partitionMigrationService: V7 partitions",[]]
[12859][1639990388067][shell][info]["partitionMigrationService: V7 lastActiveUser",null]
[12859][1639990388067][shell][info]["partitionMigrationService: V7 activePartition",null]
[12859][1639990388068][shell][info]["partitionMigrationService: V7 isPartitionDirty",null]
[12859][1639990388068][shell][info]["partitionMigrationService~init: Success"]
[12859][1639990388069][shell][info]["partitionMigrationService~runV8PartitionsIntegrity: Two way migration~ removing the following partitions from v8",[]]
[12859][1639990388069][shell][info]["userPartitionService~getRecentV8UserPartition: recent v8 user context partition ","00991a4a-9230-4f3f-a0a6-70020e75e82c"]
[12859][1639990388069][shell][info]["userPartitionService~_rectifyTheActivePartitionOfApplication: Setting the active partition to ","00991a4a-9230-4f3f-a0a6-70020e75e82c"]
[12859][1639990388070][shell][info]["userPartitionService~init: Success"]
[12859][1639990388071][shell][info]["userPartitionService: State of v8 partition system:"]
[12859][1639990388071][shell][info]["userPartitionService: List of partitions:",[{"partitionId":"00991a4a-9230-4f3f-a0a6-70020e75e82c","namespace":"users","userId":"15549181","teamId":"0","lastUpdated":"2021-12-19T18:21:36.361Z"},{"partitionId":"fe071e5f-363e-499b-8e62-a69e296cb1b0","namespace":"scratchPad","userId":0,"teamId":0,"isDirty":false}]]
[12859][1639990388071][shell][info]["userPartitionService: users global meta:",{"activePartition":"00991a4a-9230-4f3f-a0a6-70020e75e82c"}]
[12859][1639990388072][shell][info]["shell~init~loadView: loading active partition"]
[12859][1639990388072][shell][info]["shell~init~loadView: loading active partition","00991a4a-9230-4f3f-a0a6-70020e75e82c"]
[12859][1639990388073][shell][info]["init~setViewAttributes - Initializing view with opts:",{"id":2,"type":"shared","startTime":1639990387825,"devtools":false,"partitionId":"00991a4a-9230-4f3f-a0a6-70020e75e82c"}]
[12859][1639990388074][shell][info]["Shell~init~setViewAttributes: passing scratchpad partition id as ","fe071e5f-363e-499b-8e62-a69e296cb1b0"]
[12859][1639990388074][shell][info]["Shell~init~setViewAttributes: do we have any logged in users? ",true]
[12859][1639990388074][shell][info]["init~setViewAttributes - Success"]
[12859][1639990389514][shell][info]["Shell~init~sendUsersDataToRenderer",["15549181"]]
[12859][1639990389763][shell][info]["EventBus~initialize - Success"]
[12859][1639990389768][shell][info]["bootShellCrashReporter~ Success"]
[12859][1639990389776][shell][info]["userPartitionService: State of v8 partition system:"]
[12859][1639990389776][shell][info]["userPartitionService: List of partitions:",[{"partitionId":"00991a4a-9230-4f3f-a0a6-70020e75e82c","namespace":"users","userId":"15549181","teamId":"0","lastUpdated":"2021-12-19T18:21:36.361Z"},{"partitionId":"fe071e5f-363e-499b-8e62-a69e296cb1b0","namespace":"scratchPad","userId":0,"teamId":0,"isDirty":false}]]
[12859][1639990389777][shell][info]["userPartitionService: users global meta:",{"activePartition":"00991a4a-9230-4f3f-a0a6-70020e75e82c"}]
[12859][1639990389777][shell][info]["shell~init~loadView: loading active partition"]
[12859][1639990389777][shell][info]["shell~init~loadView: loading active partition","00991a4a-9230-4f3f-a0a6-70020e75e82c"]
[12859][1639990389778][shell][info]["init~setViewAttributes - Initializing view with opts:",{"id":3,"type":"requester","startTime":1639990389542,"devtools":false,"primaryId":3,"allIds":[3],"partitionId":"00991a4a-9230-4f3f-a0a6-70020e75e82c"}]
[12859][1639990389778][shell][info]["Shell~init~setViewAttributes: passing scratchpad partition id as ","fe071e5f-363e-499b-8e62-a69e296cb1b0"]
[12859][1639990389778][shell][info]["Shell~init~setViewAttributes: do we have any logged in users? ",true]
[12859][1639990389779][shell][info]["init~setViewAttributes - Success"]
[12859][1639990392035][shell][info]["Shell~init~sendUsersDataToRenderer",["15549181"]]
[12859][1639990392062][shell][info]["Shell~init~sendUsersDataToRenderer",["15549181"]]
[12859][1639990393142][shell][info]["model-events~user - bootstrapUser received"]
[12859][1639990393143][shell][info]["userPartitionService~associateTransitPartition: ",{"partitionId":"00991a4a-9230-4f3f-a0a6-70020e75e82c","context":{"namespace":"users","userId":"15549181","teamId":"0"}}]
[12859][1639990393143][shell][info]["userPartitionService: State of v8 partition system:"]
[12859][1639990393143][shell][info]["userPartitionService: List of partitions:",[{"partitionId":"00991a4a-9230-4f3f-a0a6-70020e75e82c","namespace":"users","userId":"15549181","teamId":"0","lastUpdated":"2021-12-20T08:53:13.143Z"},{"partitionId":"fe071e5f-363e-499b-8e62-a69e296cb1b0","namespace":"scratchPad","userId":0,"teamId":0,"isDirty":false}]]
[12859][1639990393143][shell][info]["userPartitionService: users global meta:",{"activePartition":"00991a4a-9230-4f3f-a0a6-70020e75e82c"}]
[17923][1640243456556][shell][info]["EventBus~initialize - Success"]
[17923][1640243456567][shell][info]["bootShellCrashReporter~ Success"]
[17923][1640243456579][shell][info]["shellController~init: Success"]
[17923][1640243456580][shell][info]["shellMeta~init: Success"]
[17923][1640243456580][shell][info]["partitionMigrationService: State of V7 partition:"]
[17923][1640243456580][shell][info]["partitionMigrationService: V7 partitions",[]]
[17923][1640243456580][shell][info]["partitionMigrationService: V7 lastActiveUser",null]
[17923][1640243456581][shell][info]["partitionMigrationService: V7 activePartition",null]
[17923][1640243456581][shell][info]["partitionMigrationService: V7 isPartitionDirty",null]
[17923][1640243456582][shell][info]["partitionMigrationService~init: Success"]
[17923][1640243456582][shell][info]["partitionMigrationService~runV8PartitionsIntegrity: Two way migration~ removing the following partitions from v8",[]]
[17923][1640243456583][shell][info]["userPartitionService~getRecentV8UserPartition: recent v8 user context partition ","00991a4a-9230-4f3f-a0a6-70020e75e82c"]
[17923][1640243456583][shell][info]["userPartitionService~_rectifyTheActivePartitionOfApplication: Setting the active partition to ","00991a4a-9230-4f3f-a0a6-70020e75e82c"]
[17923][1640243456583][shell][info]["userPartitionService~init: Success"]
[17923][1640243456584][shell][info]["userPartitionService: State of v8 partition system:"]
[17923][1640243456584][shell][info]["userPartitionService: List of partitions:",[{"partitionId":"00991a4a-9230-4f3f-a0a6-70020e75e82c","namespace":"users","userId":"15549181","teamId":"0","lastUpdated":"2021-12-20T08:53:13.143Z"},{"partitionId":"fe071e5f-363e-499b-8e62-a69e296cb1b0","namespace":"scratchPad","userId":0,"teamId":0,"isDirty":false}]]
[17923][1640243456585][shell][info]["userPartitionService: users global meta:",{"activePartition":"00991a4a-9230-4f3f-a0a6-70020e75e82c"}]
[17923][1640243456586][shell][info]["shell~init~loadView: loading active partition"]
[17923][1640243456586][shell][info]["shell~init~loadView: loading active partition","00991a4a-9230-4f3f-a0a6-70020e75e82c"]
[17923][1640243456587][shell][info]["init~setViewAttributes - Initializing view with opts:",{"id":2,"type":"shared","startTime":1640243456245,"devtools":false,"partitionId":"00991a4a-9230-4f3f-a0a6-70020e75e82c"}]
[17923][1640243456588][shell][info]["Shell~init~setViewAttributes: passing scratchpad partition id as ","fe071e5f-363e-499b-8e62-a69e296cb1b0"]
[17923][1640243456588][shell][info]["Shell~init~setViewAttributes: do we have any logged in users? ",true]
[17923][1640243456588][shell][info]["init~setViewAttributes - Success"]
[17923][1640243458246][shell][info]["Shell~init~sendUsersDataToRenderer",["15549181"]]
[17923][1640243458521][shell][info]["EventBus~initialize - Success"]
[17923][1640243458526][shell][info]["bootShellCrashReporter~ Success"]
[17923][1640243458536][shell][info]["userPartitionService: State of v8 partition system:"]
[17923][1640243458536][shell][info]["userPartitionService: List of partitions:",[{"partitionId":"00991a4a-9230-4f3f-a0a6-70020e75e82c","namespace":"users","userId":"15549181","teamId":"0","lastUpdated":"2021-12-20T08:53:13.143Z"},{"partitionId":"fe071e5f-363e-499b-8e62-a69e296cb1b0","namespace":"scratchPad","userId":0,"teamId":0,"isDirty":false}]]
[17923][1640243458537][shell][info]["userPartitionService: users global meta:",{"activePartition":"00991a4a-9230-4f3f-a0a6-70020e75e82c"}]
[17923][1640243458537][shell][info]["shell~init~loadView: loading active partition"]
[17923][1640243458537][shell][info]["shell~init~loadView: loading active partition","00991a4a-9230-4f3f-a0a6-70020e75e82c"]
[17923][1640243458538][shell][info]["init~setViewAttributes - Initializing view with opts:",{"id":3,"type":"requester","startTime":1640243458276,"devtools":false,"primaryId":3,"allIds":[3],"partitionId":"00991a4a-9230-4f3f-a0a6-70020e75e82c"}]
[17923][1640243458538][shell][info]["Shell~init~setViewAttributes: passing scratchpad partition id as ","fe071e5f-363e-499b-8e62-a69e296cb1b0"]
[17923][1640243458538][shell][info]["Shell~init~setViewAttributes: do we have any logged in users? ",true]
[17923][1640243458539][shell][info]["init~setViewAttributes - Success"]
[17923][1640243461065][shell][info]["Shell~init~sendUsersDataToRenderer",["15549181"]]
[17923][1640243461104][shell][info]["Shell~init~sendUsersDataToRenderer",["15549181"]]
[17923][1640243462841][shell][info]["model-events~user - bootstrapUser received"]
[17923][1640243462842][shell][info]["userPartitionService~associateTransitPartition: ",{"partitionId":"00991a4a-9230-4f3f-a0a6-70020e75e82c","context":{"namespace":"users","userId":"15549181","teamId":"0"}}]
[17923][1640243462842][shell][info]["userPartitionService: State of v8 partition system:"]
[17923][1640243462842][shell][info]["userPartitionService: List of partitions:",[{"partitionId":"00991a4a-9230-4f3f-a0a6-70020e75e82c","namespace":"users","userId":"15549181","teamId":"0","lastUpdated":"2021-12-23T07:11:02.842Z"},{"partitionId":"fe071e5f-363e-499b-8e62-a69e296cb1b0","namespace":"scratchPad","userId":0,"teamId":0,"isDirty":false}]]
[17923][1640243462843][shell][info]["userPartitionService: users global meta:",{"activePartition":"00991a4a-9230-4f3f-a0a6-70020e75e82c"}]
